loading app ./flowmanager/flowmanager.py
loading app ryu.app.simple_switch_13
loading app ryu.topology.switches
loading app ryu.controller.ofp_handler
creating context wsgi
instantiating app None of DPSet
creating context dpset
instantiating app ./flowmanager/flowmanager.py of FlowManager
Created flowmanager
instantiating app ryu.app.simple_switch_13 of SimpleSwitch13
instantiating app ryu.topology.switches of Switches
instantiating app ryu.controller.ofp_handler of OFPHandler
(583575) wsgi starting up on http://0.0.0.0:4435
unsupported version 0x1. If possible, set the switch to use one of the versions [4] on datapath ('127.0.0.1', 54434)
ErrorMsg, None, 1, 1
unsupported version 0x1. If possible, set the switch to use one of the versions [4] on datapath ('127.0.0.1', 54444)
ErrorMsg, None, 1, 1
unsupported version 0x1. If possible, set the switch to use one of the versions [4] on datapath ('127.0.0.1', 54454)
ErrorMsg, None, 1, 1
unsupported version 0x1. If possible, set the switch to use one of the versions [4] on datapath ('127.0.0.1', 54460)
unsupported version 0x1. If possible, set the switch to use one of the versions [4] on datapath ('127.0.0.1', 54472)
unsupported version 0x1. If possible, set the switch to use one of the versions [4] on datapath ('127.0.0.1', 54480)
ErrorMsg, None, 1, 1
ErrorMsg, None, 1, 1
ErrorMsg, None, 1, 1
unsupported version 0x1. If possible, set the switch to use one of the versions [4] on datapath ('127.0.0.1', 54482)
unsupported version 0x1. If possible, set the switch to use one of the versions [4] on datapath ('127.0.0.1', 54486)
unsupported version 0x1. If possible, set the switch to use one of the versions [4] on datapath ('127.0.0.1', 54502)
ErrorMsg, None, 1, 1
ErrorMsg, None, 1, 1
ErrorMsg, None, 1, 1
unsupported version 0x1. If possible, set the switch to use one of the versions [4] on datapath ('127.0.0.1', 36034)
unsupported version 0x1. If possible, set the switch to use one of the versions [4] on datapath ('127.0.0.1', 36048)
unsupported version 0x1. If possible, set the switch to use one of the versions [4] on datapath ('127.0.0.1', 36050)
ErrorMsg, None, 1, 1
ErrorMsg, None, 1, 1
ErrorMsg, None, 1, 1
unsupported version 0x1. If possible, set the switch to use one of the versions [4] on datapath ('127.0.0.1', 41390)
unsupported version 0x1. If possible, set the switch to use one of the versions [4] on datapath ('127.0.0.1', 41396)
unsupported version 0x1. If possible, set the switch to use one of the versions [4] on datapath ('127.0.0.1', 41406)
ErrorMsg, None, 1, 1
ErrorMsg, None, 1, 1
ErrorMsg, None, 1, 1
unsupported version 0x1. If possible, set the switch to use one of the versions [4] on datapath ('127.0.0.1', 41412)
unsupported version 0x1. If possible, set the switch to use one of the versions [4] on datapath ('127.0.0.1', 41424)
unsupported version 0x1. If possible, set the switch to use one of the versions [4] on datapath ('127.0.0.1', 41430)
ErrorMsg, None, 1, 1
ErrorMsg, None, 1, 1
ErrorMsg, None, 1, 1
unsupported version 0x1. If possible, set the switch to use one of the versions [4] on datapath ('127.0.0.1', 52004)
unsupported version 0x1. If possible, set the switch to use one of the versions [4] on datapath ('127.0.0.1', 52008)
unsupported version 0x1. If possible, set the switch to use one of the versions [4] on datapath ('127.0.0.1', 52010)
ErrorMsg, None, 1, 1
ErrorMsg, None, 1, 1
ErrorMsg, None, 1, 1
unsupported version 0x1. If possible, set the switch to use one of the versions [4] on datapath ('127.0.0.1', 37764)
unsupported version 0x1. If possible, set the switch to use one of the versions [4] on datapath ('127.0.0.1', 37772)
unsupported version 0x1. If possible, set the switch to use one of the versions [4] on datapath ('127.0.0.1', 37788)
ErrorMsg, None, 1, 1
ErrorMsg, None, 1, 1
ErrorMsg, None, 1, 1
unsupported version 0x1. If possible, set the switch to use one of the versions [4] on datapath ('127.0.0.1', 53492)
unsupported version 0x1. If possible, set the switch to use one of the versions [4] on datapath ('127.0.0.1', 53500)
unsupported version 0x1. If possible, set the switch to use one of the versions [4] on datapath ('127.0.0.1', 53504)
ErrorMsg, None, 1, 1
ErrorMsg, None, 1, 1
ErrorMsg, None, 1, 1
unsupported version 0x1. If possible, set the switch to use one of the versions [4] on datapath ('127.0.0.1', 57476)
unsupported version 0x1. If possible, set the switch to use one of the versions [4] on datapath ('127.0.0.1', 57482)
unsupported version 0x1. If possible, set the switch to use one of the versions [4] on datapath ('127.0.0.1', 57496)
ErrorMsg, None, 1, 1
ErrorMsg, None, 1, 1
ErrorMsg, None, 1, 1
unsupported version 0x1. If possible, set the switch to use one of the versions [4] on datapath ('127.0.0.1', 37588)
unsupported version 0x1. If possible, set the switch to use one of the versions [4] on datapath ('127.0.0.1', 37604)
unsupported version 0x1. If possible, set the switch to use one of the versions [4] on datapath ('127.0.0.1', 37614)
ErrorMsg, None, 1, 1
ErrorMsg, None, 1, 1
ErrorMsg, None, 1, 1
unsupported version 0x1. If possible, set the switch to use one of the versions [4] on datapath ('127.0.0.1', 43364)
unsupported version 0x1. If possible, set the switch to use one of the versions [4] on datapath ('127.0.0.1', 43376)
unsupported version 0x1. If possible, set the switch to use one of the versions [4] on datapath ('127.0.0.1', 43388)
ErrorMsg, None, 1, 1
ErrorMsg, None, 1, 1
ErrorMsg, None, 1, 1
packet in 4 76:ab:4d:81:e5:2a 33:33:00:00:00:16 3
packet in 5 9e:79:d1:e9:5d:b5 33:33:ff:e9:5d:b5 3
packet in 5 9e:79:d1:e9:5d:b5 33:33:00:00:00:16 3
packet in 3 b2:16:4b:4c:2f:2d 33:33:ff:4c:2f:2d 3
packet in 5 b2:16:4b:4c:2f:2d 33:33:ff:4c:2f:2d 3
packet in 3 86:42:48:3e:71:07 33:33:ff:3e:71:07 3
packet in 4 86:42:48:3e:71:07 33:33:ff:3e:71:07 3
packet in 3 62:66:df:87:fc:bd 33:33:00:00:00:16 1
packet in 4 62:66:df:87:fc:bd 33:33:00:00:00:16 3
packet in 5 62:66:df:87:fc:bd 33:33:00:00:00:16 3
packet in 3 ca:92:bb:b7:90:2f 33:33:ff:b7:90:2f 3
packet in 4 ca:92:bb:b7:90:2f 33:33:ff:b7:90:2f 3
packet in 5 ca:92:bb:b7:90:2f 33:33:ff:b7:90:2f 3
packet in 3 4a:7f:70:39:85:ec 33:33:00:00:00:16 3
packet in 4 4a:7f:70:39:85:ec 33:33:00:00:00:16 3
packet in 5 4a:7f:70:39:85:ec 33:33:00:00:00:16 3
packet in 3 5a:a4:84:e9:c8:c5 33:33:00:00:00:16 3
packet in 3 52:39:f4:2f:be:2d 33:33:00:00:00:16 3
packet in 5 5a:a4:84:e9:c8:c5 33:33:00:00:00:16 3
packet in 5 52:39:f4:2f:be:2d 33:33:00:00:00:16 3
packet in 4 5a:a4:84:e9:c8:c5 33:33:00:00:00:16 3
packet in 4 52:39:f4:2f:be:2d 33:33:00:00:00:16 3
packet in 3 02:a2:6d:ef:a5:b3 33:33:00:00:00:16 3
packet in 4 76:ab:4d:81:e5:2a 33:33:ff:81:e5:2a 3
packet in 5 b2:16:4b:4c:2f:2d 33:33:00:00:00:16 3
packet in 3 b2:16:4b:4c:2f:2d 33:33:00:00:00:16 3
packet in 3 86:42:48:3e:71:07 33:33:00:00:00:16 3
packet in 4 86:42:48:3e:71:07 33:33:00:00:00:16 3
packet in 5 ca:41:e7:20:fe:cb 33:33:00:00:00:16 1
packet in 5 82:e2:71:72:1d:ea 33:33:ff:72:1d:ea 2
packet in 3 ca:41:e7:20:fe:cb 33:33:00:00:00:16 3
packet in 3 82:e2:71:72:1d:ea 33:33:ff:72:1d:ea 3
packet in 4 ca:41:e7:20:fe:cb 33:33:00:00:00:16 3
packet in 4 82:e2:71:72:1d:ea 33:33:ff:72:1d:ea 3
packet in 3 8e:f0:b4:d4:6d:be 33:33:00:00:00:16 3
packet in 5 8e:f0:b4:d4:6d:be 33:33:00:00:00:16 3
packet in 4 8e:f0:b4:d4:6d:be 33:33:00:00:00:16 3
packet in 3 c6:3d:4c:95:96:9b 33:33:ff:95:96:9b 3
packet in 4 c6:3d:4c:95:96:9b 33:33:ff:95:96:9b 3
packet in 5 c6:3d:4c:95:96:9b 33:33:ff:95:96:9b 3
packet in 3 62:66:df:87:fc:bd 33:33:ff:87:fc:bd 1
packet in 5 62:66:df:87:fc:bd 33:33:ff:87:fc:bd 3
packet in 4 62:66:df:87:fc:bd 33:33:ff:87:fc:bd 3
packet in 4 7e:f0:ee:a2:b4:e5 33:33:ff:a2:b4:e5 2
packet in 3 7e:f0:ee:a2:b4:e5 33:33:ff:a2:b4:e5 3
packet in 5 7e:f0:ee:a2:b4:e5 33:33:ff:a2:b4:e5 3
packet in 3 8e:f0:b4:d4:6d:be 33:33:ff:d4:6d:be 3
packet in 5 8e:f0:b4:d4:6d:be 33:33:ff:d4:6d:be 3
packet in 4 8e:f0:b4:d4:6d:be 33:33:ff:d4:6d:be 3
packet in 3 aa:05:e8:9d:86:cb 33:33:00:00:00:16 2
packet in 4 aa:05:e8:9d:86:cb 33:33:00:00:00:16 3
packet in 5 aa:05:e8:9d:86:cb 33:33:00:00:00:16 3
packet in 3 02:a2:6d:ef:a5:b3 33:33:ff:ef:a5:b3 3
packet in 3 aa:05:e8:9d:86:cb 33:33:ff:9d:86:cb 2
packet in 5 aa:05:e8:9d:86:cb 33:33:ff:9d:86:cb 3
packet in 4 aa:05:e8:9d:86:cb 33:33:ff:9d:86:cb 3
packet in 3 6e:fd:9a:c3:62:c9 33:33:00:00:00:16 3
packet in 4 6e:fd:9a:c3:62:c9 33:33:00:00:00:16 3
packet in 5 6e:fd:9a:c3:62:c9 33:33:00:00:00:16 3
packet in 4 2a:cf:a9:7e:b4:4b 33:33:ff:7e:b4:4b 1
packet in 5 c6:3d:4c:95:96:9b 33:33:00:00:00:16 3
packet in 3 c6:3d:4c:95:96:9b 33:33:00:00:00:16 3
packet in 4 c6:3d:4c:95:96:9b 33:33:00:00:00:16 3
packet in 5 2a:cf:a9:7e:b4:4b 33:33:ff:7e:b4:4b 3
packet in 3 2a:cf:a9:7e:b4:4b 33:33:ff:7e:b4:4b 3
packet in 4 52:39:f4:2f:be:2d 33:33:ff:2f:be:2d 3
packet in 5 52:39:f4:2f:be:2d 33:33:ff:2f:be:2d 3
packet in 3 52:39:f4:2f:be:2d 33:33:ff:2f:be:2d 3
packet in 4 7e:f0:ee:a2:b4:e5 33:33:00:00:00:16 2
packet in 5 82:e2:71:72:1d:ea 33:33:00:00:00:16 2
packet in 4 da:44:e7:fc:50:75 33:33:ff:fc:50:75 3
packet in 4 82:e2:71:72:1d:ea 33:33:00:00:00:16 3
packet in 5 da:44:e7:fc:50:75 33:33:ff:fc:50:75 3
packet in 5 7e:f0:ee:a2:b4:e5 33:33:00:00:00:16 3
packet in 3 7e:f0:ee:a2:b4:e5 33:33:00:00:00:16 3
packet in 3 82:e2:71:72:1d:ea 33:33:00:00:00:16 3
packet in 4 5a:a4:84:e9:c8:c5 33:33:ff:e9:c8:c5 3
packet in 3 5a:a4:84:e9:c8:c5 33:33:ff:e9:c8:c5 3
packet in 5 5a:a4:84:e9:c8:c5 33:33:ff:e9:c8:c5 3
packet in 5 ca:41:e7:20:fe:cb 33:33:00:00:00:16 1
packet in 5 ca:41:e7:20:fe:cb 33:33:00:00:00:02 1
packet in 5 da:44:e7:fc:50:75 33:33:00:00:00:16 3
packet in 4 da:44:e7:fc:50:75 33:33:00:00:00:16 3
packet in 4 ca:41:e7:20:fe:cb 33:33:00:00:00:16 3
packet in 4 ca:41:e7:20:fe:cb 33:33:00:00:00:02 3
packet in 3 ca:41:e7:20:fe:cb 33:33:00:00:00:16 3
packet in 3 ca:41:e7:20:fe:cb 33:33:00:00:00:02 3
packet in 4 6e:fd:9a:c3:62:c9 33:33:00:00:00:16 3
packet in 4 6e:fd:9a:c3:62:c9 33:33:00:00:00:02 3
packet in 3 6e:fd:9a:c3:62:c9 33:33:00:00:00:16 3
packet in 3 6e:fd:9a:c3:62:c9 33:33:00:00:00:02 3
packet in 5 6e:fd:9a:c3:62:c9 33:33:00:00:00:16 3
packet in 5 6e:fd:9a:c3:62:c9 33:33:00:00:00:02 3
packet in 5 ca:92:bb:b7:90:2f 33:33:00:00:00:16 3
packet in 4 ca:92:bb:b7:90:2f 33:33:00:00:00:16 3
packet in 3 ca:92:bb:b7:90:2f 33:33:00:00:00:16 3
packet in 4 52:75:43:81:4a:f7 33:33:00:00:00:16 3
packet in 4 52:75:43:81:4a:f7 33:33:00:00:00:02 3
packet in 5 52:75:43:81:4a:f7 33:33:00:00:00:16 3
packet in 5 52:75:43:81:4a:f7 33:33:00:00:00:02 3
packet in 3 52:75:43:81:4a:f7 33:33:00:00:00:16 3
packet in 3 52:75:43:81:4a:f7 33:33:00:00:00:02 3
packet in 4 52:75:43:81:4a:f7 33:33:00:00:00:16 3
packet in 3 52:75:43:81:4a:f7 33:33:00:00:00:16 3
packet in 5 52:75:43:81:4a:f7 33:33:00:00:00:16 3
packet in 5 9e:79:d1:e9:5d:b5 33:33:00:00:00:16 3
packet in 5 9e:79:d1:e9:5d:b5 33:33:00:00:00:02 3
packet in 4 4a:7f:70:39:85:ec 33:33:00:00:00:16 3
packet in 4 4a:7f:70:39:85:ec 33:33:00:00:00:02 3
packet in 3 4a:7f:70:39:85:ec 33:33:00:00:00:16 3
packet in 3 4a:7f:70:39:85:ec 33:33:00:00:00:02 3
packet in 5 4a:7f:70:39:85:ec 33:33:00:00:00:16 3
packet in 5 4a:7f:70:39:85:ec 33:33:00:00:00:02 3
packet in 5 52:75:43:81:4a:f7 33:33:00:00:00:fb 3
packet in 3 52:75:43:81:4a:f7 33:33:00:00:00:fb 3
packet in 4 52:75:43:81:4a:f7 33:33:00:00:00:fb 3
packet in 5 9e:79:d1:e9:5d:b5 33:33:00:00:00:16 3
packet in 5 b2:16:4b:4c:2f:2d 33:33:00:00:00:16 3
packet in 5 b2:16:4b:4c:2f:2d 33:33:00:00:00:02 3
packet in 3 b2:16:4b:4c:2f:2d 33:33:00:00:00:16 3
packet in 3 b2:16:4b:4c:2f:2d 33:33:00:00:00:02 3
packet in 5 b2:16:4b:4c:2f:2d 33:33:00:00:00:16 3
packet in 3 b2:16:4b:4c:2f:2d 33:33:00:00:00:16 3
packet in 4 86:42:48:3e:71:07 33:33:00:00:00:16 3
packet in 4 86:42:48:3e:71:07 33:33:00:00:00:02 3
packet in 3 86:42:48:3e:71:07 33:33:00:00:00:16 3
packet in 3 86:42:48:3e:71:07 33:33:00:00:00:02 3
packet in 5 9e:79:d1:e9:5d:b5 33:33:00:00:00:fb 3
packet in 4 86:42:48:3e:71:07 33:33:00:00:00:16 3
packet in 3 86:42:48:3e:71:07 33:33:00:00:00:16 3
packet in 4 52:75:43:81:4a:f7 33:33:00:00:00:fb 3
packet in 3 52:75:43:81:4a:f7 33:33:00:00:00:fb 3
packet in 5 52:75:43:81:4a:f7 33:33:00:00:00:fb 3
packet in 5 ca:41:e7:20:fe:cb 33:33:00:00:00:16 1
packet in 3 ca:92:bb:b7:90:2f 33:33:00:00:00:16 3
packet in 3 ca:92:bb:b7:90:2f 33:33:00:00:00:02 3
packet in 3 ca:41:e7:20:fe:cb 33:33:00:00:00:16 3
packet in 4 ca:92:bb:b7:90:2f 33:33:00:00:00:16 3
packet in 4 ca:92:bb:b7:90:2f 33:33:00:00:00:02 3
packet in 4 ca:41:e7:20:fe:cb 33:33:00:00:00:16 3
packet in 5 ca:92:bb:b7:90:2f 33:33:00:00:00:16 3
packet in 5 ca:92:bb:b7:90:2f 33:33:00:00:00:02 3
packet in 5 9e:79:d1:e9:5d:b5 33:33:00:00:00:16 3
packet in 4 ca:92:bb:b7:90:2f 33:33:00:00:00:16 3
packet in 5 ca:92:bb:b7:90:2f 33:33:00:00:00:16 3
packet in 3 ca:92:bb:b7:90:2f 33:33:00:00:00:16 3
packet in 5 b2:16:4b:4c:2f:2d 33:33:00:00:00:fb 3
packet in 3 b2:16:4b:4c:2f:2d 33:33:00:00:00:fb 3
packet in 3 86:42:48:3e:71:07 33:33:00:00:00:16 3
packet in 4 86:42:48:3e:71:07 33:33:00:00:00:16 3
packet in 4 86:42:48:3e:71:07 33:33:00:00:00:fb 3
packet in 3 86:42:48:3e:71:07 33:33:00:00:00:fb 3
packet in 5 9e:79:d1:e9:5d:b5 33:33:00:00:00:fb 3
packet in 4 76:ab:4d:81:e5:2a 33:33:00:00:00:16 3
packet in 4 76:ab:4d:81:e5:2a 33:33:00:00:00:02 3
packet in 3 ca:92:bb:b7:90:2f 33:33:00:00:00:fb 3
packet in 5 ca:92:bb:b7:90:2f 33:33:00:00:00:fb 3
packet in 4 ca:92:bb:b7:90:2f 33:33:00:00:00:fb 3
packet in 4 76:ab:4d:81:e5:2a 33:33:00:00:00:16 3
packet in 5 82:e2:71:72:1d:ea 33:33:00:00:00:16 2
packet in 5 82:e2:71:72:1d:ea 33:33:00:00:00:02 2
packet in 4 82:e2:71:72:1d:ea 33:33:00:00:00:16 3
packet in 4 82:e2:71:72:1d:ea 33:33:00:00:00:02 3
packet in 3 82:e2:71:72:1d:ea 33:33:00:00:00:16 3
packet in 3 82:e2:71:72:1d:ea 33:33:00:00:00:02 3
packet in 5 b2:16:4b:4c:2f:2d 33:33:00:00:00:fb 3
packet in 3 b2:16:4b:4c:2f:2d 33:33:00:00:00:fb 3
packet in 4 6e:fd:9a:c3:62:c9 33:33:00:00:00:16 3
packet in 5 6e:fd:9a:c3:62:c9 33:33:00:00:00:16 3
packet in 3 6e:fd:9a:c3:62:c9 33:33:00:00:00:16 3
packet in 4 86:42:48:3e:71:07 33:33:00:00:00:fb 3
packet in 3 86:42:48:3e:71:07 33:33:00:00:00:fb 3
packet in 4 76:ab:4d:81:e5:2a 33:33:00:00:00:fb 3
packet in 4 ca:92:bb:b7:90:2f 33:33:00:00:00:fb 3
packet in 3 ca:92:bb:b7:90:2f 33:33:00:00:00:fb 3
packet in 5 ca:92:bb:b7:90:2f 33:33:00:00:00:fb 3
packet in 3 52:75:43:81:4a:f7 33:33:00:00:00:fb 3
packet in 4 52:75:43:81:4a:f7 33:33:00:00:00:fb 3
packet in 5 52:75:43:81:4a:f7 33:33:00:00:00:fb 3
packet in 4 c6:3d:4c:95:96:9b 33:33:00:00:00:16 3
packet in 4 c6:3d:4c:95:96:9b 33:33:00:00:00:02 3
packet in 5 c6:3d:4c:95:96:9b 33:33:00:00:00:16 3
packet in 5 c6:3d:4c:95:96:9b 33:33:00:00:00:02 3
packet in 3 c6:3d:4c:95:96:9b 33:33:00:00:00:16 3
packet in 3 c6:3d:4c:95:96:9b 33:33:00:00:00:02 3
packet in 5 c6:3d:4c:95:96:9b 33:33:00:00:00:16 3
packet in 4 c6:3d:4c:95:96:9b 33:33:00:00:00:16 3
packet in 3 c6:3d:4c:95:96:9b 33:33:00:00:00:16 3
packet in 4 76:ab:4d:81:e5:2a 33:33:00:00:00:fb 3
packet in 5 b2:16:4b:4c:2f:2d 33:33:00:00:00:16 3
packet in 3 b2:16:4b:4c:2f:2d 33:33:00:00:00:16 3
packet in 3 62:66:df:87:fc:bd 33:33:00:00:00:16 1
packet in 3 62:66:df:87:fc:bd 33:33:00:00:00:02 1
packet in 4 62:66:df:87:fc:bd 33:33:00:00:00:16 3
packet in 4 62:66:df:87:fc:bd 33:33:00:00:00:02 3
packet in 5 62:66:df:87:fc:bd 33:33:00:00:00:16 3
packet in 5 62:66:df:87:fc:bd 33:33:00:00:00:02 3
packet in 5 9e:79:d1:e9:5d:b5 33:33:00:00:00:fb 3
packet in 4 7e:f0:ee:a2:b4:e5 33:33:00:00:00:16 2
packet in 4 7e:f0:ee:a2:b4:e5 33:33:00:00:00:02 2
packet in 5 c6:3d:4c:95:96:9b 33:33:00:00:00:fb 3
packet in 5 7e:f0:ee:a2:b4:e5 33:33:00:00:00:16 3
packet in 5 7e:f0:ee:a2:b4:e5 33:33:00:00:00:02 3
packet in 4 c6:3d:4c:95:96:9b 33:33:00:00:00:fb 3
packet in 3 c6:3d:4c:95:96:9b 33:33:00:00:00:fb 3
packet in 3 7e:f0:ee:a2:b4:e5 33:33:00:00:00:16 3
packet in 3 7e:f0:ee:a2:b4:e5 33:33:00:00:00:02 3
packet in 4 8e:f0:b4:d4:6d:be 33:33:00:00:00:16 3
packet in 4 8e:f0:b4:d4:6d:be 33:33:00:00:00:02 3
packet in 3 8e:f0:b4:d4:6d:be 33:33:00:00:00:16 3
packet in 3 8e:f0:b4:d4:6d:be 33:33:00:00:00:02 3
packet in 5 8e:f0:b4:d4:6d:be 33:33:00:00:00:16 3
packet in 5 8e:f0:b4:d4:6d:be 33:33:00:00:00:02 3
packet in 4 76:ab:4d:81:e5:2a 33:33:00:00:00:16 3
packet in 4 52:75:43:81:4a:f7 33:33:00:00:00:16 3
packet in 5 52:75:43:81:4a:f7 33:33:00:00:00:16 3
packet in 3 52:75:43:81:4a:f7 33:33:00:00:00:16 3
packet in 5 b2:16:4b:4c:2f:2d 33:33:00:00:00:fb 3
packet in 3 b2:16:4b:4c:2f:2d 33:33:00:00:00:fb 3
packet in 4 86:42:48:3e:71:07 33:33:00:00:00:fb 3
packet in 3 86:42:48:3e:71:07 33:33:00:00:00:fb 3
packet in 3 02:a2:6d:ef:a5:b3 33:33:00:00:00:16 3
packet in 3 02:a2:6d:ef:a5:b3 33:33:00:00:00:02 3
packet in 3 02:a2:6d:ef:a5:b3 33:33:00:00:00:16 3
packet in 4 ca:92:bb:b7:90:2f 33:33:00:00:00:fb 3
packet in 5 ca:92:bb:b7:90:2f 33:33:00:00:00:fb 3
packet in 3 ca:92:bb:b7:90:2f 33:33:00:00:00:fb 3
packet in 4 c6:3d:4c:95:96:9b 33:33:00:00:00:fb 3
packet in 3 c6:3d:4c:95:96:9b 33:33:00:00:00:fb 3
packet in 5 c6:3d:4c:95:96:9b 33:33:00:00:00:fb 3
packet in 5 52:75:43:81:4a:f7 33:33:00:00:00:fb 3
packet in 4 52:75:43:81:4a:f7 33:33:00:00:00:fb 3
packet in 3 52:75:43:81:4a:f7 33:33:00:00:00:fb 3
packet in 3 aa:05:e8:9d:86:cb 33:33:00:00:00:16 2
packet in 3 aa:05:e8:9d:86:cb 33:33:00:00:00:02 2
packet in 5 82:e2:71:72:1d:ea 33:33:00:00:00:16 2
packet in 4 aa:05:e8:9d:86:cb 33:33:00:00:00:16 3
packet in 4 aa:05:e8:9d:86:cb 33:33:00:00:00:02 3
packet in 4 82:e2:71:72:1d:ea 33:33:00:00:00:16 3
packet in 3 82:e2:71:72:1d:ea 33:33:00:00:00:16 3
packet in 5 aa:05:e8:9d:86:cb 33:33:00:00:00:16 3
packet in 5 aa:05:e8:9d:86:cb 33:33:00:00:00:02 3
packet in 5 4a:7f:70:39:85:ec 33:33:00:00:00:16 3
packet in 3 4a:7f:70:39:85:ec 33:33:00:00:00:16 3
packet in 4 4a:7f:70:39:85:ec 33:33:00:00:00:16 3
packet in 4 7e:f0:ee:a2:b4:e5 33:33:00:00:00:16 2
packet in 5 7e:f0:ee:a2:b4:e5 33:33:00:00:00:16 3
packet in 3 7e:f0:ee:a2:b4:e5 33:33:00:00:00:16 3
packet in 4 2a:cf:a9:7e:b4:4b 33:33:00:00:00:16 1
packet in 4 2a:cf:a9:7e:b4:4b 33:33:00:00:00:02 1
packet in 4 76:ab:4d:81:e5:2a 33:33:00:00:00:16 3
packet in 3 02:a2:6d:ef:a5:b3 33:33:00:00:00:fb 3
packet in 3 2a:cf:a9:7e:b4:4b 33:33:00:00:00:16 3
packet in 3 2a:cf:a9:7e:b4:4b 33:33:00:00:00:02 3
packet in 5 2a:cf:a9:7e:b4:4b 33:33:00:00:00:16 3
packet in 5 2a:cf:a9:7e:b4:4b 33:33:00:00:00:02 3
packet in 3 52:39:f4:2f:be:2d 33:33:00:00:00:16 3
packet in 3 52:39:f4:2f:be:2d 33:33:00:00:00:02 3
packet in 4 52:39:f4:2f:be:2d 33:33:00:00:00:16 3
packet in 4 52:39:f4:2f:be:2d 33:33:00:00:00:02 3
packet in 5 52:39:f4:2f:be:2d 33:33:00:00:00:16 3
packet in 5 52:39:f4:2f:be:2d 33:33:00:00:00:02 3
packet in 4 76:ab:4d:81:e5:2a 33:33:00:00:00:fb 3
packet in 5 9e:79:d1:e9:5d:b5 33:33:00:00:00:fb 3
packet in 4 da:44:e7:fc:50:75 33:33:00:00:00:16 3
packet in 4 da:44:e7:fc:50:75 33:33:00:00:00:02 3
packet in 5 da:44:e7:fc:50:75 33:33:00:00:00:16 3
packet in 5 da:44:e7:fc:50:75 33:33:00:00:00:02 3
packet in 3 c6:3d:4c:95:96:9b 33:33:00:00:00:16 3
packet in 5 c6:3d:4c:95:96:9b 33:33:00:00:00:16 3
packet in 4 c6:3d:4c:95:96:9b 33:33:00:00:00:16 3
packet in 3 5a:a4:84:e9:c8:c5 33:33:00:00:00:16 3
packet in 3 5a:a4:84:e9:c8:c5 33:33:00:00:00:02 3
packet in 5 5a:a4:84:e9:c8:c5 33:33:00:00:00:16 3
packet in 5 5a:a4:84:e9:c8:c5 33:33:00:00:00:02 3
packet in 4 5a:a4:84:e9:c8:c5 33:33:00:00:00:16 3
packet in 4 5a:a4:84:e9:c8:c5 33:33:00:00:00:02 3
packet in 4 da:44:e7:fc:50:75 33:33:00:00:00:16 3
packet in 5 da:44:e7:fc:50:75 33:33:00:00:00:16 3
packet in 4 5a:a4:84:e9:c8:c5 33:33:00:00:00:16 3
packet in 3 5a:a4:84:e9:c8:c5 33:33:00:00:00:16 3
packet in 5 5a:a4:84:e9:c8:c5 33:33:00:00:00:16 3
packet in 5 9e:79:d1:e9:5d:b5 33:33:00:00:00:16 3
packet in 3 b2:16:4b:4c:2f:2d 33:33:00:00:00:fb 3
packet in 5 b2:16:4b:4c:2f:2d 33:33:00:00:00:fb 3
packet in 3 02:a2:6d:ef:a5:b3 33:33:00:00:00:fb 3
packet in 3 86:42:48:3e:71:07 33:33:00:00:00:fb 3
packet in 4 86:42:48:3e:71:07 33:33:00:00:00:fb 3
packet in 5 52:75:43:81:4a:f7 33:33:00:00:00:fb 3
packet in 4 52:75:43:81:4a:f7 33:33:00:00:00:fb 3
packet in 3 52:75:43:81:4a:f7 33:33:00:00:00:fb 3
packet in 3 62:66:df:87:fc:bd 33:33:00:00:00:16 1
packet in 5 62:66:df:87:fc:bd 33:33:00:00:00:16 3
packet in 4 62:66:df:87:fc:bd 33:33:00:00:00:16 3
packet in 5 52:75:43:81:4a:f7 33:33:00:00:00:16 3
packet in 4 52:75:43:81:4a:f7 33:33:00:00:00:16 3
packet in 3 52:75:43:81:4a:f7 33:33:00:00:00:16 3
packet in 5 da:44:e7:fc:50:75 33:33:00:00:00:fb 3
packet in 4 da:44:e7:fc:50:75 33:33:00:00:00:fb 3
packet in 3 5a:a4:84:e9:c8:c5 33:33:00:00:00:fb 3
packet in 5 5a:a4:84:e9:c8:c5 33:33:00:00:00:fb 3
packet in 4 5a:a4:84:e9:c8:c5 33:33:00:00:00:fb 3
packet in 4 ca:92:bb:b7:90:2f 33:33:00:00:00:fb 3
packet in 5 ca:92:bb:b7:90:2f 33:33:00:00:00:fb 3
packet in 3 aa:05:e8:9d:86:cb 33:33:00:00:00:16 2
packet in 3 ca:92:bb:b7:90:2f 33:33:00:00:00:fb 3
packet in 5 aa:05:e8:9d:86:cb 33:33:00:00:00:16 3
packet in 4 aa:05:e8:9d:86:cb 33:33:00:00:00:16 3
packet in 3 c6:3d:4c:95:96:9b 33:33:00:00:00:fb 3
packet in 4 c6:3d:4c:95:96:9b 33:33:00:00:00:fb 3
packet in 5 c6:3d:4c:95:96:9b 33:33:00:00:00:fb 3
packet in 5 9e:79:d1:e9:5d:b5 33:33:00:00:00:fb 3
packet in 4 76:ab:4d:81:e5:2a 33:33:00:00:00:fb 3
packet in 4 da:44:e7:fc:50:75 33:33:00:00:00:fb 3
packet in 5 da:44:e7:fc:50:75 33:33:00:00:00:fb 3
packet in 4 5a:a4:84:e9:c8:c5 33:33:00:00:00:fb 3
packet in 5 5a:a4:84:e9:c8:c5 33:33:00:00:00:fb 3
packet in 3 5a:a4:84:e9:c8:c5 33:33:00:00:00:fb 3
packet in 3 86:42:48:3e:71:07 33:33:00:00:00:16 3
packet in 4 86:42:48:3e:71:07 33:33:00:00:00:16 3
packet in 5 ca:92:bb:b7:90:2f 33:33:00:00:00:16 3
packet in 3 ca:92:bb:b7:90:2f 33:33:00:00:00:16 3
packet in 4 ca:92:bb:b7:90:2f 33:33:00:00:00:16 3
packet in 5 b2:16:4b:4c:2f:2d 33:33:00:00:00:fb 3
packet in 3 b2:16:4b:4c:2f:2d 33:33:00:00:00:fb 3
packet in 5 b2:16:4b:4c:2f:2d 33:33:00:00:00:16 3
packet in 3 b2:16:4b:4c:2f:2d 33:33:00:00:00:16 3
packet in 4 52:75:43:81:4a:f7 33:33:00:00:00:fb 3
packet in 3 52:75:43:81:4a:f7 33:33:00:00:00:fb 3
packet in 5 52:75:43:81:4a:f7 33:33:00:00:00:fb 3
packet in 4 86:42:48:3e:71:07 33:33:00:00:00:fb 3
packet in 3 86:42:48:3e:71:07 33:33:00:00:00:fb 3
packet in 4 c6:3d:4c:95:96:9b 33:33:00:00:00:16 3
packet in 5 c6:3d:4c:95:96:9b 33:33:00:00:00:16 3
packet in 3 c6:3d:4c:95:96:9b 33:33:00:00:00:16 3
packet in 3 02:a2:6d:ef:a5:b3 33:33:00:00:00:fb 3
packet in 4 ca:92:bb:b7:90:2f 33:33:00:00:00:fb 3
packet in 5 ca:92:bb:b7:90:2f 33:33:00:00:00:fb 3
packet in 3 ca:92:bb:b7:90:2f 33:33:00:00:00:fb 3
packet in 4 ca:92:bb:b7:90:2f 33:33:00:00:00:16 3
packet in 5 ca:92:bb:b7:90:2f 33:33:00:00:00:16 3
packet in 3 ca:92:bb:b7:90:2f 33:33:00:00:00:16 3
packet in 5 9e:79:d1:e9:5d:b5 33:33:00:00:00:fb 3
packet in 4 c6:3d:4c:95:96:9b 33:33:00:00:00:fb 3
packet in 5 c6:3d:4c:95:96:9b 33:33:00:00:00:fb 3
packet in 3 c6:3d:4c:95:96:9b 33:33:00:00:00:fb 3
packet in 4 5a:a4:84:e9:c8:c5 33:33:00:00:00:16 3
packet in 3 5a:a4:84:e9:c8:c5 33:33:00:00:00:16 3
packet in 5 5a:a4:84:e9:c8:c5 33:33:00:00:00:16 3
packet in 4 76:ab:4d:81:e5:2a 33:33:00:00:00:fb 3
packet in 5 b2:16:4b:4c:2f:2d 33:33:00:00:00:fb 3
packet in 3 b2:16:4b:4c:2f:2d 33:33:00:00:00:fb 3
packet in 3 86:42:48:3e:71:07 33:33:00:00:00:fb 3
packet in 4 86:42:48:3e:71:07 33:33:00:00:00:fb 3
packet in 5 da:44:e7:fc:50:75 33:33:00:00:00:fb 3
packet in 4 da:44:e7:fc:50:75 33:33:00:00:00:fb 3
packet in 4 5a:a4:84:e9:c8:c5 33:33:00:00:00:fb 3
packet in 5 5a:a4:84:e9:c8:c5 33:33:00:00:00:fb 3
packet in 3 5a:a4:84:e9:c8:c5 33:33:00:00:00:fb 3
packet in 3 02:a2:6d:ef:a5:b3 33:33:00:00:00:16 3
packet in 3 ca:92:bb:b7:90:2f 33:33:00:00:00:fb 3
packet in 4 ca:92:bb:b7:90:2f 33:33:00:00:00:fb 3
packet in 5 ca:92:bb:b7:90:2f 33:33:00:00:00:fb 3
packet in 3 02:a2:6d:ef:a5:b3 33:33:00:00:00:fb 3
packet in 3 c6:3d:4c:95:96:9b 33:33:00:00:00:fb 3
packet in 5 c6:3d:4c:95:96:9b 33:33:00:00:00:fb 3
packet in 4 c6:3d:4c:95:96:9b 33:33:00:00:00:fb 3
packet in 3 5a:a4:84:e9:c8:c5 33:33:00:00:00:16 3
packet in 4 5a:a4:84:e9:c8:c5 33:33:00:00:00:16 3
packet in 5 5a:a4:84:e9:c8:c5 33:33:00:00:00:16 3
packet in 4 76:ab:4d:81:e5:2a 33:33:00:00:00:fb 3
packet in 3 8e:f0:b4:d4:6d:be 33:33:00:00:00:16 3
packet in 5 8e:f0:b4:d4:6d:be 33:33:00:00:00:16 3
packet in 4 8e:f0:b4:d4:6d:be 33:33:00:00:00:16 3
packet in 4 da:44:e7:fc:50:75 33:33:00:00:00:16 3
packet in 5 da:44:e7:fc:50:75 33:33:00:00:00:16 3
packet in 4 da:44:e7:fc:50:75 33:33:00:00:00:fb 3
packet in 5 da:44:e7:fc:50:75 33:33:00:00:00:fb 3
packet in 3 5a:a4:84:e9:c8:c5 33:33:00:00:00:fb 3
packet in 5 5a:a4:84:e9:c8:c5 33:33:00:00:00:fb 3
packet in 4 5a:a4:84:e9:c8:c5 33:33:00:00:00:fb 3
packet in 4 da:44:e7:fc:50:75 33:33:00:00:00:16 3
packet in 5 da:44:e7:fc:50:75 33:33:00:00:00:16 3
packet in 5 c6:3d:4c:95:96:9b 33:33:00:00:00:fb 3
packet in 4 c6:3d:4c:95:96:9b 33:33:00:00:00:fb 3
packet in 3 c6:3d:4c:95:96:9b 33:33:00:00:00:fb 3
packet in 3 02:a2:6d:ef:a5:b3 33:33:00:00:00:fb 3
packet in 3 02:a2:6d:ef:a5:b3 33:33:00:00:00:16 3
packet in 4 2a:cf:a9:7e:b4:4b 33:33:00:00:00:16 1
packet in 5 2a:cf:a9:7e:b4:4b 33:33:00:00:00:16 3
packet in 3 2a:cf:a9:7e:b4:4b 33:33:00:00:00:16 3
packet in 5 52:39:f4:2f:be:2d 33:33:00:00:00:16 3
packet in 4 52:39:f4:2f:be:2d 33:33:00:00:00:16 3
packet in 3 52:39:f4:2f:be:2d 33:33:00:00:00:16 3
packet in 4 da:44:e7:fc:50:75 33:33:00:00:00:fb 3
packet in 5 da:44:e7:fc:50:75 33:33:00:00:00:fb 3
packet in 4 5a:a4:84:e9:c8:c5 33:33:00:00:00:fb 3
packet in 3 5a:a4:84:e9:c8:c5 33:33:00:00:00:fb 3
packet in 5 5a:a4:84:e9:c8:c5 33:33:00:00:00:fb 3
packet in 3 02:a2:6d:ef:a5:b3 33:33:00:00:00:fb 3
packet in 4 da:44:e7:fc:50:75 33:33:00:00:00:fb 3
packet in 5 da:44:e7:fc:50:75 33:33:00:00:00:fb 3
packet in 3 5a:a4:84:e9:c8:c5 33:33:00:00:00:fb 3
packet in 4 5a:a4:84:e9:c8:c5 33:33:00:00:00:fb 3
packet in 5 5a:a4:84:e9:c8:c5 33:33:00:00:00:fb 3
packet in 3 52:75:43:81:4a:f7 33:33:00:00:00:fb 3
packet in 5 52:75:43:81:4a:f7 33:33:00:00:00:fb 3
packet in 4 52:75:43:81:4a:f7 33:33:00:00:00:fb 3
packet in 5 9e:79:d1:e9:5d:b5 33:33:00:00:00:fb 3
packet in 5 b2:16:4b:4c:2f:2d 33:33:00:00:00:fb 3
packet in 3 b2:16:4b:4c:2f:2d 33:33:00:00:00:fb 3
packet in 3 86:42:48:3e:71:07 33:33:00:00:00:fb 3
packet in 4 86:42:48:3e:71:07 33:33:00:00:00:fb 3
packet in 3 ca:92:bb:b7:90:2f 33:33:00:00:00:fb 3
packet in 4 ca:92:bb:b7:90:2f 33:33:00:00:00:fb 3
packet in 5 ca:92:bb:b7:90:2f 33:33:00:00:00:fb 3
packet in 4 76:ab:4d:81:e5:2a 33:33:00:00:00:fb 3
packet in 3 c6:3d:4c:95:96:9b 33:33:00:00:00:fb 3
packet in 5 c6:3d:4c:95:96:9b 33:33:00:00:00:fb 3
packet in 4 c6:3d:4c:95:96:9b 33:33:00:00:00:fb 3
packet in 3 02:a2:6d:ef:a5:b3 33:33:00:00:00:fb 3
packet in 4 da:44:e7:fc:50:75 33:33:00:00:00:fb 3
packet in 5 da:44:e7:fc:50:75 33:33:00:00:00:fb 3
packet in 5 5a:a4:84:e9:c8:c5 33:33:00:00:00:fb 3
packet in 4 5a:a4:84:e9:c8:c5 33:33:00:00:00:fb 3
packet in 3 5a:a4:84:e9:c8:c5 33:33:00:00:00:fb 3
packet in 4 52:75:43:81:4a:f7 33:33:00:00:00:fb 3
packet in 5 52:75:43:81:4a:f7 33:33:00:00:00:fb 3
packet in 3 52:75:43:81:4a:f7 33:33:00:00:00:fb 3
packet in 5 9e:79:d1:e9:5d:b5 33:33:00:00:00:fb 3
packet in 5 b2:16:4b:4c:2f:2d 33:33:00:00:00:fb 3
packet in 3 b2:16:4b:4c:2f:2d 33:33:00:00:00:fb 3
packet in 4 86:42:48:3e:71:07 33:33:00:00:00:fb 3
packet in 3 86:42:48:3e:71:07 33:33:00:00:00:fb 3
packet in 4 ca:92:bb:b7:90:2f 33:33:00:00:00:fb 3
packet in 3 ca:92:bb:b7:90:2f 33:33:00:00:00:fb 3
packet in 5 ca:92:bb:b7:90:2f 33:33:00:00:00:fb 3
packet in 4 76:ab:4d:81:e5:2a 33:33:00:00:00:fb 3
packet in 4 c6:3d:4c:95:96:9b 33:33:00:00:00:fb 3
packet in 3 c6:3d:4c:95:96:9b 33:33:00:00:00:fb 3
packet in 5 c6:3d:4c:95:96:9b 33:33:00:00:00:fb 3
packet in 3 6e:fd:9a:c3:62:c9 33:33:00:00:00:02 3
packet in 4 6e:fd:9a:c3:62:c9 33:33:00:00:00:02 3
packet in 5 6e:fd:9a:c3:62:c9 33:33:00:00:00:02 3
packet in 3 02:a2:6d:ef:a5:b3 33:33:00:00:00:fb 3
packet in 5 ca:41:e7:20:fe:cb 33:33:00:00:00:02 1
packet in 4 ca:41:e7:20:fe:cb 33:33:00:00:00:02 3
packet in 3 ca:41:e7:20:fe:cb 33:33:00:00:00:02 3
packet in 4 da:44:e7:fc:50:75 33:33:00:00:00:fb 3
packet in 5 da:44:e7:fc:50:75 33:33:00:00:00:fb 3
packet in 5 5a:a4:84:e9:c8:c5 33:33:00:00:00:fb 3
packet in 4 5a:a4:84:e9:c8:c5 33:33:00:00:00:fb 3
packet in 3 5a:a4:84:e9:c8:c5 33:33:00:00:00:fb 3
packet in 3 b2:16:4b:4c:2f:2d 33:33:00:00:00:02 3
packet in 5 b2:16:4b:4c:2f:2d 33:33:00:00:00:02 3
packet in 4 52:75:43:81:4a:f7 33:33:00:00:00:02 3
packet in 5 52:75:43:81:4a:f7 33:33:00:00:00:02 3
packet in 3 52:75:43:81:4a:f7 33:33:00:00:00:02 3
packet in 4 52:75:43:81:4a:f7 33:33:00:00:00:fb 3
packet in 3 52:75:43:81:4a:f7 33:33:00:00:00:fb 3
packet in 5 52:75:43:81:4a:f7 33:33:00:00:00:fb 3
packet in 5 9e:79:d1:e9:5d:b5 33:33:00:00:00:fb 3
packet in 5 82:e2:71:72:1d:ea 33:33:00:00:00:02 2
packet in 5 9e:79:d1:e9:5d:b5 33:33:00:00:00:02 3
packet in 4 76:ab:4d:81:e5:2a 33:33:00:00:00:02 3
packet in 4 82:e2:71:72:1d:ea 33:33:00:00:00:02 3
packet in 3 82:e2:71:72:1d:ea 33:33:00:00:00:02 3
packet in 4 8e:f0:b4:d4:6d:be 33:33:00:00:00:02 3
packet in 3 8e:f0:b4:d4:6d:be 33:33:00:00:00:02 3
packet in 5 8e:f0:b4:d4:6d:be 33:33:00:00:00:02 3
packet in 5 4a:7f:70:39:85:ec 33:33:00:00:00:02 3
packet in 5 ca:92:bb:b7:90:2f 33:33:00:00:00:02 3
packet in 4 4a:7f:70:39:85:ec 33:33:00:00:00:02 3
packet in 4 ca:92:bb:b7:90:2f 33:33:00:00:00:02 3
packet in 3 4a:7f:70:39:85:ec 33:33:00:00:00:02 3
packet in 3 ca:92:bb:b7:90:2f 33:33:00:00:00:02 3
packet in 5 b2:16:4b:4c:2f:2d 33:33:00:00:00:fb 3
packet in 3 b2:16:4b:4c:2f:2d 33:33:00:00:00:fb 3
packet in 4 86:42:48:3e:71:07 33:33:00:00:00:fb 3
packet in 3 86:42:48:3e:71:07 33:33:00:00:00:fb 3
packet in 5 ca:92:bb:b7:90:2f 33:33:00:00:00:fb 3
packet in 3 ca:92:bb:b7:90:2f 33:33:00:00:00:fb 3
packet in 4 ca:92:bb:b7:90:2f 33:33:00:00:00:fb 3
packet in 4 76:ab:4d:81:e5:2a 33:33:00:00:00:fb 3
packet in 3 02:a2:6d:ef:a5:b3 33:33:00:00:00:02 3
packet in 4 7e:f0:ee:a2:b4:e5 33:33:00:00:00:02 2
packet in 3 86:42:48:3e:71:07 33:33:00:00:00:02 3
packet in 4 86:42:48:3e:71:07 33:33:00:00:00:02 3
packet in 3 7e:f0:ee:a2:b4:e5 33:33:00:00:00:02 3
packet in 5 7e:f0:ee:a2:b4:e5 33:33:00:00:00:02 3
packet in 3 c6:3d:4c:95:96:9b 33:33:00:00:00:fb 3
packet in 4 c6:3d:4c:95:96:9b 33:33:00:00:00:fb 3
packet in 5 c6:3d:4c:95:96:9b 33:33:00:00:00:fb 3
packet in 3 aa:05:e8:9d:86:cb 33:33:00:00:00:02 2
packet in 3 62:66:df:87:fc:bd 33:33:00:00:00:02 1
packet in 4 2a:cf:a9:7e:b4:4b 33:33:00:00:00:02 1
packet in 4 aa:05:e8:9d:86:cb 33:33:00:00:00:02 3
packet in 4 62:66:df:87:fc:bd 33:33:00:00:00:02 3
packet in 5 aa:05:e8:9d:86:cb 33:33:00:00:00:02 3
packet in 5 62:66:df:87:fc:bd 33:33:00:00:00:02 3
packet in 5 5a:a4:84:e9:c8:c5 33:33:00:00:00:02 3
packet in 5 2a:cf:a9:7e:b4:4b 33:33:00:00:00:02 3
packet in 5 c6:3d:4c:95:96:9b 33:33:00:00:00:02 3
packet in 3 5a:a4:84:e9:c8:c5 33:33:00:00:00:02 3
packet in 3 2a:cf:a9:7e:b4:4b 33:33:00:00:00:02 3
packet in 3 c6:3d:4c:95:96:9b 33:33:00:00:00:02 3
packet in 4 5a:a4:84:e9:c8:c5 33:33:00:00:00:02 3
packet in 4 c6:3d:4c:95:96:9b 33:33:00:00:00:02 3
packet in 3 02:a2:6d:ef:a5:b3 33:33:00:00:00:fb 3
packet in 4 da:44:e7:fc:50:75 33:33:00:00:00:fb 3
packet in 5 da:44:e7:fc:50:75 33:33:00:00:00:fb 3
packet in 5 5a:a4:84:e9:c8:c5 33:33:00:00:00:fb 3
packet in 4 5a:a4:84:e9:c8:c5 33:33:00:00:00:fb 3
packet in 3 5a:a4:84:e9:c8:c5 33:33:00:00:00:fb 3
packet in 4 da:44:e7:fc:50:75 33:33:00:00:00:02 3
packet in 5 da:44:e7:fc:50:75 33:33:00:00:00:02 3
packet in 5 52:39:f4:2f:be:2d 33:33:00:00:00:02 3
packet in 4 52:39:f4:2f:be:2d 33:33:00:00:00:02 3
packet in 3 52:39:f4:2f:be:2d 33:33:00:00:00:02 3
packet in 4 52:75:43:81:4a:f7 33:33:00:00:00:fb 3
packet in 5 52:75:43:81:4a:f7 33:33:00:00:00:fb 3
packet in 3 52:75:43:81:4a:f7 33:33:00:00:00:fb 3
packet in 5 9e:79:d1:e9:5d:b5 33:33:00:00:00:fb 3
packet in 5 b2:16:4b:4c:2f:2d 33:33:00:00:00:fb 3
packet in 3 b2:16:4b:4c:2f:2d 33:33:00:00:00:fb 3
packet in 4 86:42:48:3e:71:07 33:33:00:00:00:fb 3
packet in 3 86:42:48:3e:71:07 33:33:00:00:00:fb 3
packet in 5 ca:92:bb:b7:90:2f 33:33:00:00:00:fb 3
packet in 4 ca:92:bb:b7:90:2f 33:33:00:00:00:fb 3
packet in 3 ca:92:bb:b7:90:2f 33:33:00:00:00:fb 3
packet in 4 76:ab:4d:81:e5:2a 33:33:00:00:00:fb 3
packet in 4 c6:3d:4c:95:96:9b 33:33:00:00:00:fb 3
packet in 5 c6:3d:4c:95:96:9b 33:33:00:00:00:fb 3
packet in 3 c6:3d:4c:95:96:9b 33:33:00:00:00:fb 3
packet in 3 02:a2:6d:ef:a5:b3 33:33:00:00:00:fb 3
packet in 4 da:44:e7:fc:50:75 33:33:00:00:00:fb 3
packet in 5 da:44:e7:fc:50:75 33:33:00:00:00:fb 3
packet in 5 5a:a4:84:e9:c8:c5 33:33:00:00:00:fb 3
packet in 4 5a:a4:84:e9:c8:c5 33:33:00:00:00:fb 3
packet in 3 5a:a4:84:e9:c8:c5 33:33:00:00:00:fb 3
packet in 4 6e:fd:9a:c3:62:c9 33:33:00:00:00:02 3
packet in 5 6e:fd:9a:c3:62:c9 33:33:00:00:00:02 3
packet in 3 6e:fd:9a:c3:62:c9 33:33:00:00:00:02 3
packet in 5 ca:41:e7:20:fe:cb 33:33:00:00:00:02 1
packet in 4 ca:41:e7:20:fe:cb 33:33:00:00:00:02 3
packet in 3 ca:41:e7:20:fe:cb 33:33:00:00:00:02 3
packet in 4 8e:f0:b4:d4:6d:be 33:33:00:00:00:02 3
packet in 5 8e:f0:b4:d4:6d:be 33:33:00:00:00:02 3
packet in 3 8e:f0:b4:d4:6d:be 33:33:00:00:00:02 3
packet in 3 02:a2:6d:ef:a5:b3 33:33:00:00:00:02 3
packet in 5 b2:16:4b:4c:2f:2d 33:33:00:00:00:02 3
packet in 3 b2:16:4b:4c:2f:2d 33:33:00:00:00:02 3
packet in 5 82:e2:71:72:1d:ea 33:33:00:00:00:02 2
packet in 4 82:e2:71:72:1d:ea 33:33:00:00:00:02 3
packet in 3 82:e2:71:72:1d:ea 33:33:00:00:00:02 3
packet in 5 9e:79:d1:e9:5d:b5 33:33:00:00:00:02 3
packet in 4 2a:cf:a9:7e:b4:4b 33:33:00:00:00:02 1
packet in 4 7e:f0:ee:a2:b4:e5 33:33:00:00:00:02 2
packet in 5 2a:cf:a9:7e:b4:4b 33:33:00:00:00:02 3
packet in 5 7e:f0:ee:a2:b4:e5 33:33:00:00:00:02 3
packet in 3 2a:cf:a9:7e:b4:4b 33:33:00:00:00:02 3
packet in 3 7e:f0:ee:a2:b4:e5 33:33:00:00:00:02 3
packet in 3 52:75:43:81:4a:f7 33:33:00:00:00:02 3
packet in 4 52:75:43:81:4a:f7 33:33:00:00:00:02 3
packet in 4 76:ab:4d:81:e5:2a 33:33:00:00:00:02 3
packet in 5 52:75:43:81:4a:f7 33:33:00:00:00:02 3
packet in 5 ca:92:bb:b7:90:2f 33:33:00:00:00:02 3
packet in 3 ca:92:bb:b7:90:2f 33:33:00:00:00:02 3
packet in 4 ca:92:bb:b7:90:2f 33:33:00:00:00:02 3
packet in 4 86:42:48:3e:71:07 33:33:00:00:00:02 3
packet in 3 86:42:48:3e:71:07 33:33:00:00:00:02 3
packet in 4 4a:7f:70:39:85:ec 33:33:00:00:00:02 3
packet in 3 4a:7f:70:39:85:ec 33:33:00:00:00:02 3
packet in 5 4a:7f:70:39:85:ec 33:33:00:00:00:02 3
packet in 3 aa:05:e8:9d:86:cb 33:33:00:00:00:02 2
packet in 5 c6:3d:4c:95:96:9b 33:33:00:00:00:02 3
packet in 5 da:44:e7:fc:50:75 33:33:00:00:00:02 3
packet in 4 c6:3d:4c:95:96:9b 33:33:00:00:00:02 3
packet in 4 da:44:e7:fc:50:75 33:33:00:00:00:02 3
packet in 3 c6:3d:4c:95:96:9b 33:33:00:00:00:02 3
packet in 5 aa:05:e8:9d:86:cb 33:33:00:00:00:02 3
packet in 4 aa:05:e8:9d:86:cb 33:33:00:00:00:02 3
packet in 3 5a:a4:84:e9:c8:c5 33:33:00:00:00:02 3
packet in 5 5a:a4:84:e9:c8:c5 33:33:00:00:00:02 3
packet in 4 5a:a4:84:e9:c8:c5 33:33:00:00:00:02 3
packet in 4 52:39:f4:2f:be:2d 33:33:00:00:00:02 3
packet in 5 52:39:f4:2f:be:2d 33:33:00:00:00:02 3
packet in 3 52:39:f4:2f:be:2d 33:33:00:00:00:02 3
packet in 3 62:66:df:87:fc:bd 33:33:00:00:00:02 1
packet in 4 62:66:df:87:fc:bd 33:33:00:00:00:02 3
packet in 5 62:66:df:87:fc:bd 33:33:00:00:00:02 3
packet in 4 52:75:43:81:4a:f7 33:33:00:00:00:fb 3
packet in 5 52:75:43:81:4a:f7 33:33:00:00:00:fb 3
packet in 3 52:75:43:81:4a:f7 33:33:00:00:00:fb 3
packet in 5 9e:79:d1:e9:5d:b5 33:33:00:00:00:fb 3
packet in 5 b2:16:4b:4c:2f:2d 33:33:00:00:00:fb 3
packet in 3 b2:16:4b:4c:2f:2d 33:33:00:00:00:fb 3
packet in 4 86:42:48:3e:71:07 33:33:00:00:00:fb 3
packet in 3 86:42:48:3e:71:07 33:33:00:00:00:fb 3
packet in 3 ca:92:bb:b7:90:2f 33:33:00:00:00:fb 3
packet in 5 ca:92:bb:b7:90:2f 33:33:00:00:00:fb 3
packet in 4 ca:92:bb:b7:90:2f 33:33:00:00:00:fb 3
packet in 4 76:ab:4d:81:e5:2a 33:33:00:00:00:fb 3
packet in 4 c6:3d:4c:95:96:9b 33:33:00:00:00:fb 3
packet in 3 c6:3d:4c:95:96:9b 33:33:00:00:00:fb 3
packet in 5 c6:3d:4c:95:96:9b 33:33:00:00:00:fb 3
packet in 3 02:a2:6d:ef:a5:b3 33:33:00:00:00:fb 3
packet in 4 da:44:e7:fc:50:75 33:33:00:00:00:fb 3
packet in 5 da:44:e7:fc:50:75 33:33:00:00:00:fb 3
packet in 5 5a:a4:84:e9:c8:c5 33:33:00:00:00:fb 3
packet in 4 5a:a4:84:e9:c8:c5 33:33:00:00:00:fb 3
packet in 3 5a:a4:84:e9:c8:c5 33:33:00:00:00:fb 3
packet in 4 6e:fd:9a:c3:62:c9 33:33:00:00:00:02 3
packet in 3 6e:fd:9a:c3:62:c9 33:33:00:00:00:02 3
packet in 5 6e:fd:9a:c3:62:c9 33:33:00:00:00:02 3
packet in 3 02:a2:6d:ef:a5:b3 33:33:00:00:00:02 3
packet in 4 8e:f0:b4:d4:6d:be 33:33:00:00:00:02 3
packet in 5 8e:f0:b4:d4:6d:be 33:33:00:00:00:02 3
packet in 3 8e:f0:b4:d4:6d:be 33:33:00:00:00:02 3
packet in 5 ca:41:e7:20:fe:cb 33:33:00:00:00:02 1
packet in 3 ca:41:e7:20:fe:cb 33:33:00:00:00:02 3
packet in 4 ca:41:e7:20:fe:cb 33:33:00:00:00:02 3
packet in 5 b2:16:4b:4c:2f:2d 33:33:00:00:00:02 3
packet in 3 b2:16:4b:4c:2f:2d 33:33:00:00:00:02 3
packet in 5 82:e2:71:72:1d:ea 33:33:00:00:00:02 2
packet in 4 82:e2:71:72:1d:ea 33:33:00:00:00:02 3
packet in 3 82:e2:71:72:1d:ea 33:33:00:00:00:02 3
packet in 4 7e:f0:ee:a2:b4:e5 33:33:00:00:00:02 2
packet in 5 7e:f0:ee:a2:b4:e5 33:33:00:00:00:02 3
packet in 3 7e:f0:ee:a2:b4:e5 33:33:00:00:00:02 3
packet in 4 da:44:e7:fc:50:75 33:33:00:00:00:02 3
packet in 5 da:44:e7:fc:50:75 33:33:00:00:00:02 3
packet in 5 9e:79:d1:e9:5d:b5 33:33:00:00:00:02 3
packet in 4 2a:cf:a9:7e:b4:4b 33:33:00:00:00:02 1
packet in 4 76:ab:4d:81:e5:2a 33:33:00:00:00:02 3
packet in 3 aa:05:e8:9d:86:cb 33:33:00:00:00:02 2
packet in 4 86:42:48:3e:71:07 33:33:00:00:00:02 3
packet in 4 c6:3d:4c:95:96:9b 33:33:00:00:00:02 3
packet in 3 86:42:48:3e:71:07 33:33:00:00:00:02 3
packet in 3 c6:3d:4c:95:96:9b 33:33:00:00:00:02 3
packet in 5 c6:3d:4c:95:96:9b 33:33:00:00:00:02 3
packet in 5 2a:cf:a9:7e:b4:4b 33:33:00:00:00:02 3
packet in 5 aa:05:e8:9d:86:cb 33:33:00:00:00:02 3
packet in 3 2a:cf:a9:7e:b4:4b 33:33:00:00:00:02 3
packet in 3 ca:92:bb:b7:90:2f 33:33:00:00:00:02 3
packet in 5 ca:92:bb:b7:90:2f 33:33:00:00:00:02 3
packet in 4 aa:05:e8:9d:86:cb 33:33:00:00:00:02 3
packet in 4 ca:92:bb:b7:90:2f 33:33:00:00:00:02 3
packet in 5 5a:a4:84:e9:c8:c5 33:33:00:00:00:02 3
packet in 5 52:75:43:81:4a:f7 33:33:00:00:00:02 3
packet in 4 5a:a4:84:e9:c8:c5 33:33:00:00:00:02 3
packet in 4 52:75:43:81:4a:f7 33:33:00:00:00:02 3
packet in 3 5a:a4:84:e9:c8:c5 33:33:00:00:00:02 3
packet in 3 52:75:43:81:4a:f7 33:33:00:00:00:02 3
packet in 4 52:39:f4:2f:be:2d 33:33:00:00:00:02 3
packet in 4 4a:7f:70:39:85:ec 33:33:00:00:00:02 3
packet in 3 52:39:f4:2f:be:2d 33:33:00:00:00:02 3
packet in 3 4a:7f:70:39:85:ec 33:33:00:00:00:02 3
packet in 5 52:39:f4:2f:be:2d 33:33:00:00:00:02 3
packet in 5 4a:7f:70:39:85:ec 33:33:00:00:00:02 3
packet in 5 52:75:43:81:4a:f7 33:33:00:00:00:fb 3
packet in 4 52:75:43:81:4a:f7 33:33:00:00:00:fb 3
packet in 3 52:75:43:81:4a:f7 33:33:00:00:00:fb 3
packet in 5 9e:79:d1:e9:5d:b5 33:33:00:00:00:fb 3
packet in 5 b2:16:4b:4c:2f:2d 33:33:00:00:00:fb 3
packet in 3 b2:16:4b:4c:2f:2d 33:33:00:00:00:fb 3
packet in 4 86:42:48:3e:71:07 33:33:00:00:00:fb 3
packet in 3 86:42:48:3e:71:07 33:33:00:00:00:fb 3
packet in 4 ca:92:bb:b7:90:2f 33:33:00:00:00:fb 3
packet in 3 ca:92:bb:b7:90:2f 33:33:00:00:00:fb 3
packet in 5 ca:92:bb:b7:90:2f 33:33:00:00:00:fb 3
packet in 4 76:ab:4d:81:e5:2a 33:33:00:00:00:fb 3
packet in 4 c6:3d:4c:95:96:9b 33:33:00:00:00:fb 3
packet in 3 c6:3d:4c:95:96:9b 33:33:00:00:00:fb 3
packet in 5 c6:3d:4c:95:96:9b 33:33:00:00:00:fb 3
packet in 3 02:a2:6d:ef:a5:b3 33:33:00:00:00:fb 3
packet in 4 da:44:e7:fc:50:75 33:33:00:00:00:fb 3
packet in 5 da:44:e7:fc:50:75 33:33:00:00:00:fb 3
packet in 4 5a:a4:84:e9:c8:c5 33:33:00:00:00:fb 3
packet in 3 5a:a4:84:e9:c8:c5 33:33:00:00:00:fb 3
packet in 5 5a:a4:84:e9:c8:c5 33:33:00:00:00:fb 3
packet in 3 62:66:df:87:fc:bd 33:33:00:00:00:02 1
packet in 4 62:66:df:87:fc:bd 33:33:00:00:00:02 3
packet in 5 62:66:df:87:fc:bd 33:33:00:00:00:02 3
(583575) accepted ('127.0.0.1', 33696)
127.0.0.1 - - [21/Oct/2025 12:38:35] "GET /home/topology.html HTTP/1.1" 200 1237 0.000975
127.0.0.1 - - [21/Oct/2025 12:38:35] "GET /home/css/style.css?v2 HTTP/1.1" 200 4550 0.000286
(583575) accepted ('127.0.0.1', 33710)
(583575) accepted ('127.0.0.1', 33718)
(583575) accepted ('127.0.0.1', 33730)
127.0.0.1 - - [21/Oct/2025 12:38:35] "GET /home/css/table.css?v2 HTTP/1.1" 200 2582 0.000202
127.0.0.1 - - [21/Oct/2025 12:38:35] "GET /home/css/cards.css?v1 HTTP/1.1" 200 2652 0.000148
127.0.0.1 - - [21/Oct/2025 12:38:35] "GET /home/css/tabs.css?v1 HTTP/1.1" 200 1694 0.000155
127.0.0.1 - - [21/Oct/2025 12:38:35] "GET /home/css/menu.css?v2 HTTP/1.1" 200 1688 0.000140
127.0.0.1 - - [21/Oct/2025 12:38:35] "GET /home/js/d3/d3.min.js HTTP/1.1" 200 235814 0.000268
127.0.0.1 - - [21/Oct/2025 12:38:35] "GET /home/js/common.js HTTP/1.1" 200 24001 0.000149
(583575) accepted ('127.0.0.1', 33732)
(583575) accepted ('127.0.0.1', 33742)
127.0.0.1 - - [21/Oct/2025 12:38:35] "GET /home/js/jquery-3.7.1.min.js HTTP/1.1" 200 87674 0.000191
127.0.0.1 - - [21/Oct/2025 12:38:35] "GET /home/js/mainmenu.js HTTP/1.1" 200 1986 0.000180
127.0.0.1 - - [21/Oct/2025 12:38:35] "GET /home/css/topology.css?v3 HTTP/1.1" 200 1106 0.000149
127.0.0.1 - - [21/Oct/2025 12:38:35] "GET /home/js/topology.js HTTP/1.1" 200 11069 0.000176
127.0.0.1 - - [21/Oct/2025 12:38:35] "GET /home/css/colors.css HTTP/1.1" 200 1289 0.000310
127.0.0.1 - - [21/Oct/2025 12:38:35] "GET /home/img/switch.svg HTTP/1.1" 200 2219 0.000301
127.0.0.1 - - [21/Oct/2025 12:38:35] "GET /topology HTTP/1.1" 200 4752 0.001648
127.0.0.1 - - [21/Oct/2025 12:38:35] "GET /home/img/cloud.svg HTTP/1.1" 200 1658 0.000376
127.0.0.1 - - [21/Oct/2025 12:38:35] "GET /home/img/pc.svg HTTP/1.1" 200 2976 0.000262
packet in 4 6e:fd:9a:c3:62:c9 33:33:00:00:00:02 3
packet in 3 6e:fd:9a:c3:62:c9 33:33:00:00:00:02 3
packet in 5 6e:fd:9a:c3:62:c9 33:33:00:00:00:02 3
packet in 3 02:a2:6d:ef:a5:b3 33:33:00:00:00:02 3
packet in 5 ca:41:e7:20:fe:cb 33:33:00:00:00:02 1
packet in 3 ca:41:e7:20:fe:cb 33:33:00:00:00:02 3
packet in 4 ca:41:e7:20:fe:cb 33:33:00:00:00:02 3
packet in 3 8e:f0:b4:d4:6d:be 33:33:00:00:00:02 3
packet in 5 8e:f0:b4:d4:6d:be 33:33:00:00:00:02 3
packet in 4 8e:f0:b4:d4:6d:be 33:33:00:00:00:02 3
packet in 5 82:e2:71:72:1d:ea 33:33:00:00:00:02 2
packet in 5 b2:16:4b:4c:2f:2d 33:33:00:00:00:02 3
packet in 5 da:44:e7:fc:50:75 33:33:00:00:00:02 3
packet in 3 b2:16:4b:4c:2f:2d 33:33:00:00:00:02 3
packet in 3 82:e2:71:72:1d:ea 33:33:00:00:00:02 3
packet in 4 da:44:e7:fc:50:75 33:33:00:00:00:02 3
packet in 4 82:e2:71:72:1d:ea 33:33:00:00:00:02 3
packet in 4 7e:f0:ee:a2:b4:e5 33:33:00:00:00:02 2
packet in 5 7e:f0:ee:a2:b4:e5 33:33:00:00:00:02 3
packet in 3 7e:f0:ee:a2:b4:e5 33:33:00:00:00:02 3
packet in 3 52:75:43:81:4a:f7 33:33:00:00:00:fb 3
packet in 5 52:75:43:81:4a:f7 33:33:00:00:00:fb 3
packet in 4 52:75:43:81:4a:f7 33:33:00:00:00:fb 3
packet in 5 9e:79:d1:e9:5d:b5 33:33:00:00:00:fb 3
packet in 5 b2:16:4b:4c:2f:2d 33:33:00:00:00:fb 3
packet in 3 b2:16:4b:4c:2f:2d 33:33:00:00:00:fb 3
packet in 4 86:42:48:3e:71:07 33:33:00:00:00:fb 3
packet in 3 86:42:48:3e:71:07 33:33:00:00:00:fb 3
packet in 4 ca:92:bb:b7:90:2f 33:33:00:00:00:fb 3
packet in 5 ca:92:bb:b7:90:2f 33:33:00:00:00:fb 3
packet in 3 ca:92:bb:b7:90:2f 33:33:00:00:00:fb 3
packet in 4 76:ab:4d:81:e5:2a 33:33:00:00:00:fb 3
packet in 5 c6:3d:4c:95:96:9b 33:33:00:00:00:fb 3
packet in 4 c6:3d:4c:95:96:9b 33:33:00:00:00:fb 3
packet in 3 c6:3d:4c:95:96:9b 33:33:00:00:00:fb 3
packet in 4 2a:cf:a9:7e:b4:4b 33:33:00:00:00:02 1
packet in 5 9e:79:d1:e9:5d:b5 33:33:00:00:00:02 3
packet in 5 2a:cf:a9:7e:b4:4b 33:33:00:00:00:02 3
packet in 3 2a:cf:a9:7e:b4:4b 33:33:00:00:00:02 3
packet in 3 02:a2:6d:ef:a5:b3 33:33:00:00:00:fb 3
packet in 4 da:44:e7:fc:50:75 33:33:00:00:00:fb 3
packet in 5 da:44:e7:fc:50:75 33:33:00:00:00:fb 3
packet in 4 5a:a4:84:e9:c8:c5 33:33:00:00:00:fb 3
packet in 3 5a:a4:84:e9:c8:c5 33:33:00:00:00:fb 3
packet in 5 5a:a4:84:e9:c8:c5 33:33:00:00:00:fb 3
packet in 4 76:ab:4d:81:e5:2a 33:33:00:00:00:02 3
packet in 4 86:42:48:3e:71:07 33:33:00:00:00:02 3
packet in 3 86:42:48:3e:71:07 33:33:00:00:00:02 3
packet in 4 5a:a4:84:e9:c8:c5 33:33:00:00:00:02 3
packet in 4 52:75:43:81:4a:f7 33:33:00:00:00:02 3
packet in 4 52:39:f4:2f:be:2d 33:33:00:00:00:02 3
packet in 4 4a:7f:70:39:85:ec 33:33:00:00:00:02 3
packet in 5 5a:a4:84:e9:c8:c5 33:33:00:00:00:02 3
packet in 5 52:75:43:81:4a:f7 33:33:00:00:00:02 3
packet in 5 52:39:f4:2f:be:2d 33:33:00:00:00:02 3
packet in 5 4a:7f:70:39:85:ec 33:33:00:00:00:02 3
packet in 3 5a:a4:84:e9:c8:c5 33:33:00:00:00:02 3
packet in 3 52:75:43:81:4a:f7 33:33:00:00:00:02 3
packet in 3 52:39:f4:2f:be:2d 33:33:00:00:00:02 3
packet in 3 4a:7f:70:39:85:ec 33:33:00:00:00:02 3
packet in 3 aa:05:e8:9d:86:cb 33:33:00:00:00:02 2
packet in 4 c6:3d:4c:95:96:9b 33:33:00:00:00:02 3
packet in 5 c6:3d:4c:95:96:9b 33:33:00:00:00:02 3
packet in 5 aa:05:e8:9d:86:cb 33:33:00:00:00:02 3
packet in 3 c6:3d:4c:95:96:9b 33:33:00:00:00:02 3
packet in 3 ca:92:bb:b7:90:2f 33:33:00:00:00:02 3
packet in 5 ca:92:bb:b7:90:2f 33:33:00:00:00:02 3
packet in 4 aa:05:e8:9d:86:cb 33:33:00:00:00:02 3
packet in 4 ca:92:bb:b7:90:2f 33:33:00:00:00:02 3
packet in 3 62:66:df:87:fc:bd 33:33:00:00:00:02 1
packet in 4 62:66:df:87:fc:bd 33:33:00:00:00:02 3
packet in 5 62:66:df:87:fc:bd 33:33:00:00:00:02 3
packet in 4 6e:fd:9a:c3:62:c9 33:33:00:00:00:02 3
packet in 3 6e:fd:9a:c3:62:c9 33:33:00:00:00:02 3
packet in 5 6e:fd:9a:c3:62:c9 33:33:00:00:00:02 3
packet in 3 02:a2:6d:ef:a5:b3 33:33:00:00:00:02 3
packet in 5 ca:41:e7:20:fe:cb 33:33:00:00:00:02 1
packet in 4 ca:41:e7:20:fe:cb 33:33:00:00:00:02 3
packet in 3 ca:41:e7:20:fe:cb 33:33:00:00:00:02 3
packet in 4 8e:f0:b4:d4:6d:be 33:33:00:00:00:02 3
packet in 3 8e:f0:b4:d4:6d:be 33:33:00:00:00:02 3
packet in 5 8e:f0:b4:d4:6d:be 33:33:00:00:00:02 3
packet in 5 82:e2:71:72:1d:ea 33:33:00:00:00:02 2
packet in 4 82:e2:71:72:1d:ea 33:33:00:00:00:02 3
packet in 3 82:e2:71:72:1d:ea 33:33:00:00:00:02 3
packet in 4 7e:f0:ee:a2:b4:e5 33:33:00:00:00:02 2
packet in 5 7e:f0:ee:a2:b4:e5 33:33:00:00:00:02 3
packet in 3 7e:f0:ee:a2:b4:e5 33:33:00:00:00:02 3
packet in 5 b2:16:4b:4c:2f:2d 33:33:00:00:00:02 3
packet in 5 da:44:e7:fc:50:75 33:33:00:00:00:02 3
packet in 3 b2:16:4b:4c:2f:2d 33:33:00:00:00:02 3
packet in 4 da:44:e7:fc:50:75 33:33:00:00:00:02 3
packet in 3 52:75:43:81:4a:f7 33:33:00:00:00:fb 3
packet in 4 52:75:43:81:4a:f7 33:33:00:00:00:fb 3
packet in 5 52:75:43:81:4a:f7 33:33:00:00:00:fb 3
packet in 5 9e:79:d1:e9:5d:b5 33:33:00:00:00:fb 3
packet in 4 2a:cf:a9:7e:b4:4b 33:33:00:00:00:02 1
packet in 3 b2:16:4b:4c:2f:2d 33:33:00:00:00:fb 3
packet in 5 b2:16:4b:4c:2f:2d 33:33:00:00:00:fb 3
packet in 5 2a:cf:a9:7e:b4:4b 33:33:00:00:00:02 3
packet in 3 2a:cf:a9:7e:b4:4b 33:33:00:00:00:02 3
packet in 3 86:42:48:3e:71:07 33:33:00:00:00:fb 3
packet in 4 86:42:48:3e:71:07 33:33:00:00:00:fb 3
packet in 4 ca:92:bb:b7:90:2f 33:33:00:00:00:fb 3
packet in 5 ca:92:bb:b7:90:2f 33:33:00:00:00:fb 3
packet in 3 ca:92:bb:b7:90:2f 33:33:00:00:00:fb 3
packet in 4 76:ab:4d:81:e5:2a 33:33:00:00:00:fb 3
packet in 3 c6:3d:4c:95:96:9b 33:33:00:00:00:fb 3
packet in 4 c6:3d:4c:95:96:9b 33:33:00:00:00:fb 3
packet in 5 c6:3d:4c:95:96:9b 33:33:00:00:00:fb 3
packet in 3 02:a2:6d:ef:a5:b3 33:33:00:00:00:fb 3
packet in 5 da:44:e7:fc:50:75 33:33:00:00:00:fb 3
packet in 4 da:44:e7:fc:50:75 33:33:00:00:00:fb 3
packet in 3 5a:a4:84:e9:c8:c5 33:33:00:00:00:fb 3
packet in 5 5a:a4:84:e9:c8:c5 33:33:00:00:00:fb 3
packet in 4 5a:a4:84:e9:c8:c5 33:33:00:00:00:fb 3
packet in 5 9e:79:d1:e9:5d:b5 33:33:00:00:00:02 3
packet in 4 86:42:48:3e:71:07 33:33:00:00:00:02 3
packet in 3 86:42:48:3e:71:07 33:33:00:00:00:02 3
packet in 5 52:39:f4:2f:be:2d 33:33:00:00:00:02 3
packet in 4 52:39:f4:2f:be:2d 33:33:00:00:00:02 3
packet in 3 52:39:f4:2f:be:2d 33:33:00:00:00:02 3
packet in 3 4a:7f:70:39:85:ec 33:33:00:00:00:02 3
packet in 5 4a:7f:70:39:85:ec 33:33:00:00:00:02 3
packet in 4 4a:7f:70:39:85:ec 33:33:00:00:00:02 3
packet in 4 76:ab:4d:81:e5:2a 33:33:00:00:00:02 3
packet in 4 5a:a4:84:e9:c8:c5 33:33:00:00:00:02 3
packet in 5 5a:a4:84:e9:c8:c5 33:33:00:00:00:02 3
packet in 3 5a:a4:84:e9:c8:c5 33:33:00:00:00:02 3
packet in 3 aa:05:e8:9d:86:cb 33:33:00:00:00:02 2
packet in 4 aa:05:e8:9d:86:cb 33:33:00:00:00:02 3
packet in 5 aa:05:e8:9d:86:cb 33:33:00:00:00:02 3
packet in 3 ca:92:bb:b7:90:2f 33:33:00:00:00:02 3
packet in 3 52:75:43:81:4a:f7 33:33:00:00:00:02 3
packet in 5 ca:92:bb:b7:90:2f 33:33:00:00:00:02 3
packet in 5 52:75:43:81:4a:f7 33:33:00:00:00:02 3
packet in 4 ca:92:bb:b7:90:2f 33:33:00:00:00:02 3
packet in 4 52:75:43:81:4a:f7 33:33:00:00:00:02 3
packet in 5 c6:3d:4c:95:96:9b 33:33:00:00:00:02 3
packet in 4 c6:3d:4c:95:96:9b 33:33:00:00:00:02 3
packet in 3 c6:3d:4c:95:96:9b 33:33:00:00:00:02 3
packet in 3 62:66:df:87:fc:bd 33:33:00:00:00:02 1
packet in 4 62:66:df:87:fc:bd 33:33:00:00:00:02 3
packet in 5 62:66:df:87:fc:bd 33:33:00:00:00:02 3
packet in 4 6e:fd:9a:c3:62:c9 33:33:00:00:00:02 3
packet in 5 6e:fd:9a:c3:62:c9 33:33:00:00:00:02 3
packet in 3 6e:fd:9a:c3:62:c9 33:33:00:00:00:02 3
packet in 5 ca:41:e7:20:fe:cb 33:33:00:00:00:02 1
packet in 4 ca:41:e7:20:fe:cb 33:33:00:00:00:02 3
packet in 3 ca:41:e7:20:fe:cb 33:33:00:00:00:02 3
packet in 4 8e:f0:b4:d4:6d:be 33:33:00:00:00:02 3
packet in 3 8e:f0:b4:d4:6d:be 33:33:00:00:00:02 3
packet in 5 8e:f0:b4:d4:6d:be 33:33:00:00:00:02 3
packet in 5 82:e2:71:72:1d:ea 33:33:00:00:00:02 2
packet in 4 7e:f0:ee:a2:b4:e5 33:33:00:00:00:02 2
packet in 3 02:a2:6d:ef:a5:b3 33:33:00:00:00:02 3
packet in 4 82:e2:71:72:1d:ea 33:33:00:00:00:02 3
packet in 5 7e:f0:ee:a2:b4:e5 33:33:00:00:00:02 3
packet in 3 7e:f0:ee:a2:b4:e5 33:33:00:00:00:02 3
packet in 3 82:e2:71:72:1d:ea 33:33:00:00:00:02 3
packet in 3 b2:16:4b:4c:2f:2d 33:33:00:00:00:02 3
packet in 5 b2:16:4b:4c:2f:2d 33:33:00:00:00:02 3
packet in 4 2a:cf:a9:7e:b4:4b 33:33:00:00:00:02 1
packet in 5 2a:cf:a9:7e:b4:4b 33:33:00:00:00:02 3
packet in 3 2a:cf:a9:7e:b4:4b 33:33:00:00:00:02 3
packet in 4 da:44:e7:fc:50:75 33:33:00:00:00:02 3
packet in 5 da:44:e7:fc:50:75 33:33:00:00:00:02 3
packet in 5 9e:79:d1:e9:5d:b5 33:33:00:00:00:02 3
packet in 5 52:75:43:81:4a:f7 33:33:00:00:00:fb 3
packet in 4 52:75:43:81:4a:f7 33:33:00:00:00:fb 3
packet in 3 52:75:43:81:4a:f7 33:33:00:00:00:fb 3
packet in 5 9e:79:d1:e9:5d:b5 33:33:00:00:00:fb 3
packet in 5 b2:16:4b:4c:2f:2d 33:33:00:00:00:fb 3
packet in 3 b2:16:4b:4c:2f:2d 33:33:00:00:00:fb 3
packet in 4 86:42:48:3e:71:07 33:33:00:00:00:fb 3
packet in 3 86:42:48:3e:71:07 33:33:00:00:00:fb 3
packet in 4 ca:92:bb:b7:90:2f 33:33:00:00:00:fb 3
packet in 5 ca:92:bb:b7:90:2f 33:33:00:00:00:fb 3
packet in 3 ca:92:bb:b7:90:2f 33:33:00:00:00:fb 3
packet in 4 76:ab:4d:81:e5:2a 33:33:00:00:00:fb 3
packet in 3 c6:3d:4c:95:96:9b 33:33:00:00:00:fb 3
packet in 4 c6:3d:4c:95:96:9b 33:33:00:00:00:fb 3
packet in 5 c6:3d:4c:95:96:9b 33:33:00:00:00:fb 3
packet in 3 02:a2:6d:ef:a5:b3 33:33:00:00:00:fb 3
packet in 5 da:44:e7:fc:50:75 33:33:00:00:00:fb 3
packet in 4 da:44:e7:fc:50:75 33:33:00:00:00:fb 3
packet in 4 5a:a4:84:e9:c8:c5 33:33:00:00:00:fb 3
packet in 5 5a:a4:84:e9:c8:c5 33:33:00:00:00:fb 3
packet in 3 5a:a4:84:e9:c8:c5 33:33:00:00:00:fb 3
packet in 4 86:42:48:3e:71:07 33:33:00:00:00:02 3
packet in 3 86:42:48:3e:71:07 33:33:00:00:00:02 3
packet in 4 76:ab:4d:81:e5:2a 33:33:00:00:00:02 3
packet in 4 ca:92:bb:b7:90:2f 33:33:00:00:00:02 3
packet in 5 ca:92:bb:b7:90:2f 33:33:00:00:00:02 3
packet in 3 ca:92:bb:b7:90:2f 33:33:00:00:00:02 3
packet in 5 5a:a4:84:e9:c8:c5 33:33:00:00:00:02 3
packet in 4 5a:a4:84:e9:c8:c5 33:33:00:00:00:02 3
packet in 3 5a:a4:84:e9:c8:c5 33:33:00:00:00:02 3
packet in 4 52:39:f4:2f:be:2d 33:33:00:00:00:02 3
packet in 4 4a:7f:70:39:85:ec 33:33:00:00:00:02 3
packet in 5 52:39:f4:2f:be:2d 33:33:00:00:00:02 3
packet in 5 4a:7f:70:39:85:ec 33:33:00:00:00:02 3
packet in 3 52:39:f4:2f:be:2d 33:33:00:00:00:02 3
packet in 3 4a:7f:70:39:85:ec 33:33:00:00:00:02 3
packet in 3 c6:3d:4c:95:96:9b 33:33:00:00:00:02 3
packet in 5 c6:3d:4c:95:96:9b 33:33:00:00:00:02 3
packet in 4 c6:3d:4c:95:96:9b 33:33:00:00:00:02 3
packet in 3 62:66:df:87:fc:bd 33:33:00:00:00:02 1
packet in 3 aa:05:e8:9d:86:cb 33:33:00:00:00:02 2
packet in 4 62:66:df:87:fc:bd 33:33:00:00:00:02 3
packet in 5 62:66:df:87:fc:bd 33:33:00:00:00:02 3
packet in 5 aa:05:e8:9d:86:cb 33:33:00:00:00:02 3
packet in 4 aa:05:e8:9d:86:cb 33:33:00:00:00:02 3
packet in 5 52:75:43:81:4a:f7 33:33:00:00:00:02 3
packet in 3 52:75:43:81:4a:f7 33:33:00:00:00:02 3
packet in 4 52:75:43:81:4a:f7 33:33:00:00:00:02 3
packet in 3 6e:fd:9a:c3:62:c9 33:33:00:00:00:02 3
packet in 4 6e:fd:9a:c3:62:c9 33:33:00:00:00:02 3
packet in 5 6e:fd:9a:c3:62:c9 33:33:00:00:00:02 3
packet in 5 ca:41:e7:20:fe:cb 33:33:00:00:00:02 1
packet in 3 ca:41:e7:20:fe:cb 33:33:00:00:00:02 3
packet in 4 ca:41:e7:20:fe:cb 33:33:00:00:00:02 3
packet in 4 7e:f0:ee:a2:b4:e5 33:33:00:00:00:02 2
packet in 5 7e:f0:ee:a2:b4:e5 33:33:00:00:00:02 3
packet in 3 7e:f0:ee:a2:b4:e5 33:33:00:00:00:02 3
packet in 4 8e:f0:b4:d4:6d:be 33:33:00:00:00:02 3
packet in 3 8e:f0:b4:d4:6d:be 33:33:00:00:00:02 3
packet in 5 8e:f0:b4:d4:6d:be 33:33:00:00:00:02 3
packet in 5 82:e2:71:72:1d:ea 33:33:00:00:00:02 2
packet in 5 9e:79:d1:e9:5d:b5 33:33:00:00:00:02 3
packet in 5 b2:16:4b:4c:2f:2d 33:33:00:00:00:02 3
packet in 3 b2:16:4b:4c:2f:2d 33:33:00:00:00:02 3
packet in 3 82:e2:71:72:1d:ea 33:33:00:00:00:02 3
packet in 4 82:e2:71:72:1d:ea 33:33:00:00:00:02 3
packet in 3 02:a2:6d:ef:a5:b3 33:33:00:00:00:02 3
packet in 4 2a:cf:a9:7e:b4:4b 33:33:00:00:00:02 1
packet in 5 da:44:e7:fc:50:75 33:33:00:00:00:02 3
packet in 4 da:44:e7:fc:50:75 33:33:00:00:00:02 3
packet in 5 2a:cf:a9:7e:b4:4b 33:33:00:00:00:02 3
packet in 3 2a:cf:a9:7e:b4:4b 33:33:00:00:00:02 3
packet in 3 52:75:43:81:4a:f7 33:33:00:00:00:fb 3
packet in 5 52:75:43:81:4a:f7 33:33:00:00:00:fb 3
packet in 4 52:75:43:81:4a:f7 33:33:00:00:00:fb 3
packet in 5 9e:79:d1:e9:5d:b5 33:33:00:00:00:fb 3
packet in 5 b2:16:4b:4c:2f:2d 33:33:00:00:00:fb 3
packet in 3 b2:16:4b:4c:2f:2d 33:33:00:00:00:fb 3
packet in 4 86:42:48:3e:71:07 33:33:00:00:00:fb 3
packet in 3 86:42:48:3e:71:07 33:33:00:00:00:fb 3
packet in 4 ca:92:bb:b7:90:2f 33:33:00:00:00:fb 3
packet in 3 ca:92:bb:b7:90:2f 33:33:00:00:00:fb 3
packet in 5 ca:92:bb:b7:90:2f 33:33:00:00:00:fb 3
packet in 4 76:ab:4d:81:e5:2a 33:33:00:00:00:fb 3
packet in 4 c6:3d:4c:95:96:9b 33:33:00:00:00:fb 3
packet in 3 c6:3d:4c:95:96:9b 33:33:00:00:00:fb 3
packet in 5 c6:3d:4c:95:96:9b 33:33:00:00:00:fb 3
packet in 3 02:a2:6d:ef:a5:b3 33:33:00:00:00:fb 3
packet in 5 da:44:e7:fc:50:75 33:33:00:00:00:fb 3
packet in 4 da:44:e7:fc:50:75 33:33:00:00:00:fb 3
packet in 3 5a:a4:84:e9:c8:c5 33:33:00:00:00:fb 3
packet in 4 5a:a4:84:e9:c8:c5 33:33:00:00:00:fb 3
packet in 5 5a:a4:84:e9:c8:c5 33:33:00:00:00:fb 3
packet in 4 86:42:48:3e:71:07 33:33:00:00:00:02 3
packet in 3 86:42:48:3e:71:07 33:33:00:00:00:02 3
packet in 5 4a:7f:70:39:85:ec 33:33:00:00:00:02 3
packet in 4 4a:7f:70:39:85:ec 33:33:00:00:00:02 3
packet in 3 4a:7f:70:39:85:ec 33:33:00:00:00:02 3
packet in 3 5a:a4:84:e9:c8:c5 33:33:00:00:00:02 3
packet in 5 5a:a4:84:e9:c8:c5 33:33:00:00:00:02 3
packet in 5 52:39:f4:2f:be:2d 33:33:00:00:00:02 3
packet in 4 5a:a4:84:e9:c8:c5 33:33:00:00:00:02 3
packet in 4 52:39:f4:2f:be:2d 33:33:00:00:00:02 3
packet in 3 52:39:f4:2f:be:2d 33:33:00:00:00:02 3
packet in 3 aa:05:e8:9d:86:cb 33:33:00:00:00:02 2
packet in 4 76:ab:4d:81:e5:2a 33:33:00:00:00:02 3
packet in 4 aa:05:e8:9d:86:cb 33:33:00:00:00:02 3
packet in 5 aa:05:e8:9d:86:cb 33:33:00:00:00:02 3
packet in 3 ca:92:bb:b7:90:2f 33:33:00:00:00:02 3
packet in 4 ca:92:bb:b7:90:2f 33:33:00:00:00:02 3
packet in 5 ca:92:bb:b7:90:2f 33:33:00:00:00:02 3
packet in 5 c6:3d:4c:95:96:9b 33:33:00:00:00:02 3
packet in 4 c6:3d:4c:95:96:9b 33:33:00:00:00:02 3
packet in 3 c6:3d:4c:95:96:9b 33:33:00:00:00:02 3
packet in 3 62:66:df:87:fc:bd 33:33:00:00:00:02 1
packet in 4 62:66:df:87:fc:bd 33:33:00:00:00:02 3
packet in 5 62:66:df:87:fc:bd 33:33:00:00:00:02 3
packet in 5 52:75:43:81:4a:f7 33:33:00:00:00:02 3
packet in 3 52:75:43:81:4a:f7 33:33:00:00:00:02 3
packet in 4 52:75:43:81:4a:f7 33:33:00:00:00:02 3
packet in 5 6e:fd:9a:c3:62:c9 33:33:00:00:00:02 3
packet in 3 6e:fd:9a:c3:62:c9 33:33:00:00:00:02 3
packet in 4 6e:fd:9a:c3:62:c9 33:33:00:00:00:02 3
packet in 5 ca:41:e7:20:fe:cb 33:33:00:00:00:02 1
packet in 4 ca:41:e7:20:fe:cb 33:33:00:00:00:02 3
packet in 3 ca:41:e7:20:fe:cb 33:33:00:00:00:02 3
packet in 3 8e:f0:b4:d4:6d:be 33:33:00:00:00:02 3
packet in 5 8e:f0:b4:d4:6d:be 33:33:00:00:00:02 3
packet in 4 8e:f0:b4:d4:6d:be 33:33:00:00:00:02 3
packet in 4 7e:f0:ee:a2:b4:e5 33:33:00:00:00:02 2
packet in 3 7e:f0:ee:a2:b4:e5 33:33:00:00:00:02 3
packet in 5 7e:f0:ee:a2:b4:e5 33:33:00:00:00:02 3
packet in 5 9e:79:d1:e9:5d:b5 33:33:00:00:00:02 3
packet in 5 b2:16:4b:4c:2f:2d 33:33:00:00:00:02 3
packet in 3 b2:16:4b:4c:2f:2d 33:33:00:00:00:02 3
packet in 4 52:39:f4:2f:be:2d ff:ff:ff:ff:ff:ff 3
packet in 3 52:39:f4:2f:be:2d ff:ff:ff:ff:ff:ff 3
packet in 5 52:39:f4:2f:be:2d ff:ff:ff:ff:ff:ff 3
packet in 4 7e:f0:ee:a2:b4:e5 52:39:f4:2f:be:2d 2
packet in 4 52:39:f4:2f:be:2d 7e:f0:ee:a2:b4:e5 3
packet in 4 2a:cf:a9:7e:b4:4b 33:33:00:00:00:02 1
packet in 5 82:e2:71:72:1d:ea 33:33:00:00:00:02 2
packet in 5 2a:cf:a9:7e:b4:4b 33:33:00:00:00:02 3
packet in 3 2a:cf:a9:7e:b4:4b 33:33:00:00:00:02 3
packet in 3 82:e2:71:72:1d:ea 33:33:00:00:00:02 3
packet in 4 82:e2:71:72:1d:ea 33:33:00:00:00:02 3
packet in 4 da:44:e7:fc:50:75 33:33:00:00:00:02 3
packet in 5 da:44:e7:fc:50:75 33:33:00:00:00:02 3
packet in 5 9e:79:d1:e9:5d:b5 33:33:00:00:00:fb 3
packet in 5 52:75:43:81:4a:f7 33:33:00:00:00:fb 3
packet in 4 52:75:43:81:4a:f7 33:33:00:00:00:fb 3
packet in 3 52:75:43:81:4a:f7 33:33:00:00:00:fb 3
packet in 3 b2:16:4b:4c:2f:2d 33:33:00:00:00:fb 3
packet in 5 b2:16:4b:4c:2f:2d 33:33:00:00:00:fb 3
packet in 3 86:42:48:3e:71:07 33:33:00:00:00:fb 3
packet in 4 86:42:48:3e:71:07 33:33:00:00:00:fb 3
packet in 5 ca:92:bb:b7:90:2f 33:33:00:00:00:fb 3
packet in 4 ca:92:bb:b7:90:2f 33:33:00:00:00:fb 3
packet in 3 ca:92:bb:b7:90:2f 33:33:00:00:00:fb 3
packet in 4 76:ab:4d:81:e5:2a 33:33:00:00:00:fb 3
packet in 3 c6:3d:4c:95:96:9b 33:33:00:00:00:fb 3
packet in 4 c6:3d:4c:95:96:9b 33:33:00:00:00:fb 3
packet in 5 c6:3d:4c:95:96:9b 33:33:00:00:00:fb 3
packet in 3 02:a2:6d:ef:a5:b3 33:33:00:00:00:fb 3
packet in 4 da:44:e7:fc:50:75 33:33:00:00:00:fb 3
packet in 5 da:44:e7:fc:50:75 33:33:00:00:00:fb 3
packet in 3 5a:a4:84:e9:c8:c5 33:33:00:00:00:fb 3
packet in 4 5a:a4:84:e9:c8:c5 33:33:00:00:00:fb 3
packet in 5 5a:a4:84:e9:c8:c5 33:33:00:00:00:fb 3
packet in 3 02:a2:6d:ef:a5:b3 33:33:00:00:00:02 3
packet in 3 86:42:48:3e:71:07 33:33:00:00:00:02 3
packet in 4 86:42:48:3e:71:07 33:33:00:00:00:02 3
packet in 3 4a:7f:70:39:85:ec 33:33:00:00:00:02 3
packet in 4 4a:7f:70:39:85:ec 33:33:00:00:00:02 3
packet in 5 4a:7f:70:39:85:ec 33:33:00:00:00:02 3
packet in 3 5a:a4:84:e9:c8:c5 33:33:00:00:00:02 3
packet in 4 5a:a4:84:e9:c8:c5 33:33:00:00:00:02 3
packet in 5 5a:a4:84:e9:c8:c5 33:33:00:00:00:02 3
packet in 5 52:39:f4:2f:be:2d 33:33:00:00:00:02 3
packet in 4 52:39:f4:2f:be:2d 33:33:00:00:00:02 3
packet in 3 52:39:f4:2f:be:2d 33:33:00:00:00:02 3
packet in 3 aa:05:e8:9d:86:cb 33:33:00:00:00:02 2
packet in 4 aa:05:e8:9d:86:cb 33:33:00:00:00:02 3
packet in 5 aa:05:e8:9d:86:cb 33:33:00:00:00:02 3
packet in 4 ca:92:bb:b7:90:2f 33:33:00:00:00:02 3
packet in 5 ca:92:bb:b7:90:2f 33:33:00:00:00:02 3
packet in 3 ca:92:bb:b7:90:2f 33:33:00:00:00:02 3
packet in 4 76:ab:4d:81:e5:2a 33:33:00:00:00:02 3
packet in 5 c6:3d:4c:95:96:9b 33:33:00:00:00:02 3
packet in 4 c6:3d:4c:95:96:9b 33:33:00:00:00:02 3
packet in 3 c6:3d:4c:95:96:9b 33:33:00:00:00:02 3
packet in 4 52:75:43:81:4a:f7 33:33:00:00:00:02 3
packet in 5 52:75:43:81:4a:f7 33:33:00:00:00:02 3
packet in 3 52:75:43:81:4a:f7 33:33:00:00:00:02 3
packet in 3 62:66:df:87:fc:bd 33:33:00:00:00:02 1
packet in 4 62:66:df:87:fc:bd 33:33:00:00:00:02 3
packet in 5 62:66:df:87:fc:bd 33:33:00:00:00:02 3
packet in 4 6e:fd:9a:c3:62:c9 33:33:00:00:00:02 3
packet in 5 6e:fd:9a:c3:62:c9 33:33:00:00:00:02 3
packet in 3 6e:fd:9a:c3:62:c9 33:33:00:00:00:02 3
packet in 5 ca:41:e7:20:fe:cb 33:33:00:00:00:02 1
packet in 4 ca:41:e7:20:fe:cb 33:33:00:00:00:02 3
packet in 3 ca:41:e7:20:fe:cb 33:33:00:00:00:02 3
packet in 4 8e:f0:b4:d4:6d:be 33:33:00:00:00:02 3
packet in 5 8e:f0:b4:d4:6d:be 33:33:00:00:00:02 3
packet in 3 8e:f0:b4:d4:6d:be 33:33:00:00:00:02 3
packet in 4 7e:f0:ee:a2:b4:e5 33:33:00:00:00:02 2
packet in 3 b2:16:4b:4c:2f:2d 33:33:00:00:00:02 3
packet in 5 b2:16:4b:4c:2f:2d 33:33:00:00:00:02 3
packet in 3 7e:f0:ee:a2:b4:e5 33:33:00:00:00:02 3
packet in 5 7e:f0:ee:a2:b4:e5 33:33:00:00:00:02 3
packet in 5 9e:79:d1:e9:5d:b5 33:33:00:00:00:02 3
packet in 4 2a:cf:a9:7e:b4:4b 33:33:00:00:00:02 1
packet in 5 2a:cf:a9:7e:b4:4b 33:33:00:00:00:02 3
packet in 3 2a:cf:a9:7e:b4:4b 33:33:00:00:00:02 3
packet in 4 da:44:e7:fc:50:75 33:33:00:00:00:02 3
packet in 5 da:44:e7:fc:50:75 33:33:00:00:00:02 3
packet in 5 82:e2:71:72:1d:ea 33:33:00:00:00:02 2
packet in 4 82:e2:71:72:1d:ea 33:33:00:00:00:02 3
packet in 3 82:e2:71:72:1d:ea 33:33:00:00:00:02 3
packet in 5 9e:79:d1:e9:5d:b5 33:33:00:00:00:fb 3
packet in 5 b2:16:4b:4c:2f:2d 33:33:00:00:00:fb 3
packet in 4 86:42:48:3e:71:07 33:33:00:00:00:fb 3
packet in 3 b2:16:4b:4c:2f:2d 33:33:00:00:00:fb 3
packet in 3 86:42:48:3e:71:07 33:33:00:00:00:fb 3
packet in 4 52:75:43:81:4a:f7 33:33:00:00:00:fb 3
packet in 5 52:75:43:81:4a:f7 33:33:00:00:00:fb 3
packet in 3 52:75:43:81:4a:f7 33:33:00:00:00:fb 3
packet in 5 ca:92:bb:b7:90:2f 33:33:00:00:00:fb 3
packet in 4 ca:92:bb:b7:90:2f 33:33:00:00:00:fb 3
packet in 3 ca:92:bb:b7:90:2f 33:33:00:00:00:fb 3
packet in 4 76:ab:4d:81:e5:2a 33:33:00:00:00:fb 3
packet in 4 c6:3d:4c:95:96:9b 33:33:00:00:00:fb 3
packet in 3 c6:3d:4c:95:96:9b 33:33:00:00:00:fb 3
packet in 5 c6:3d:4c:95:96:9b 33:33:00:00:00:fb 3
packet in 3 02:a2:6d:ef:a5:b3 33:33:00:00:00:fb 3
packet in 4 da:44:e7:fc:50:75 33:33:00:00:00:fb 3
packet in 5 da:44:e7:fc:50:75 33:33:00:00:00:fb 3
packet in 5 5a:a4:84:e9:c8:c5 33:33:00:00:00:fb 3
packet in 3 5a:a4:84:e9:c8:c5 33:33:00:00:00:fb 3
packet in 4 5a:a4:84:e9:c8:c5 33:33:00:00:00:fb 3
packet in 5 4a:7f:70:39:85:ec 33:33:00:00:00:02 3
packet in 4 4a:7f:70:39:85:ec 33:33:00:00:00:02 3
packet in 3 4a:7f:70:39:85:ec 33:33:00:00:00:02 3
packet in 3 02:a2:6d:ef:a5:b3 33:33:00:00:00:02 3
packet in 4 86:42:48:3e:71:07 33:33:00:00:00:02 3
packet in 3 86:42:48:3e:71:07 33:33:00:00:00:02 3
packet in 5 5a:a4:84:e9:c8:c5 33:33:00:00:00:02 3
packet in 4 5a:a4:84:e9:c8:c5 33:33:00:00:00:02 3
packet in 3 5a:a4:84:e9:c8:c5 33:33:00:00:00:02 3
packet in 3 aa:05:e8:9d:86:cb 33:33:00:00:00:02 2
packet in 4 aa:05:e8:9d:86:cb 33:33:00:00:00:02 3
packet in 5 aa:05:e8:9d:86:cb 33:33:00:00:00:02 3
packet in 4 ca:92:bb:b7:90:2f 33:33:00:00:00:02 3
packet in 5 ca:92:bb:b7:90:2f 33:33:00:00:00:02 3
packet in 3 ca:92:bb:b7:90:2f 33:33:00:00:00:02 3
packet in 5 52:39:f4:2f:be:2d 33:33:00:00:00:02 3
packet in 4 52:39:f4:2f:be:2d 33:33:00:00:00:02 3
packet in 3 52:39:f4:2f:be:2d 33:33:00:00:00:02 3
packet in 4 76:ab:4d:81:e5:2a 33:33:00:00:00:02 3
packet in 4 c6:3d:4c:95:96:9b 33:33:00:00:00:02 3
packet in 3 c6:3d:4c:95:96:9b 33:33:00:00:00:02 3
packet in 5 c6:3d:4c:95:96:9b 33:33:00:00:00:02 3
packet in 4 52:75:43:81:4a:f7 33:33:00:00:00:02 3
packet in 5 52:75:43:81:4a:f7 33:33:00:00:00:02 3
packet in 3 52:75:43:81:4a:f7 33:33:00:00:00:02 3
packet in 3 62:66:df:87:fc:bd 33:33:00:00:00:02 1
packet in 5 62:66:df:87:fc:bd 33:33:00:00:00:02 3
packet in 4 62:66:df:87:fc:bd 33:33:00:00:00:02 3
packet in 5 6e:fd:9a:c3:62:c9 33:33:00:00:00:02 3
packet in 4 6e:fd:9a:c3:62:c9 33:33:00:00:00:02 3
packet in 3 6e:fd:9a:c3:62:c9 33:33:00:00:00:02 3
packet in 4 7e:f0:ee:a2:b4:e5 33:33:00:00:00:02 2
packet in 5 ca:41:e7:20:fe:cb 33:33:00:00:00:02 1
packet in 3 7e:f0:ee:a2:b4:e5 33:33:00:00:00:02 3
packet in 3 ca:41:e7:20:fe:cb 33:33:00:00:00:02 3
packet in 5 7e:f0:ee:a2:b4:e5 33:33:00:00:00:02 3
packet in 4 ca:41:e7:20:fe:cb 33:33:00:00:00:02 3
packet in 5 b2:16:4b:4c:2f:2d 33:33:00:00:00:02 3
packet in 3 b2:16:4b:4c:2f:2d 33:33:00:00:00:02 3
packet in 5 9e:79:d1:e9:5d:b5 33:33:00:00:00:02 3
packet in 3 8e:f0:b4:d4:6d:be 33:33:00:00:00:02 3
packet in 5 8e:f0:b4:d4:6d:be 33:33:00:00:00:02 3
packet in 4 8e:f0:b4:d4:6d:be 33:33:00:00:00:02 3
packet in 4 2a:cf:a9:7e:b4:4b 33:33:00:00:00:02 1
packet in 5 2a:cf:a9:7e:b4:4b 33:33:00:00:00:02 3
packet in 3 2a:cf:a9:7e:b4:4b 33:33:00:00:00:02 3
packet in 5 9e:79:d1:e9:5d:b5 33:33:00:00:00:fb 3
packet in 4 86:42:48:3e:71:07 33:33:00:00:00:fb 3
packet in 5 b2:16:4b:4c:2f:2d 33:33:00:00:00:fb 3
packet in 3 b2:16:4b:4c:2f:2d 33:33:00:00:00:fb 3
packet in 3 86:42:48:3e:71:07 33:33:00:00:00:fb 3
packet in 4 ca:92:bb:b7:90:2f 33:33:00:00:00:fb 3
packet in 5 ca:92:bb:b7:90:2f 33:33:00:00:00:fb 3
packet in 3 ca:92:bb:b7:90:2f 33:33:00:00:00:fb 3
packet in 4 52:75:43:81:4a:f7 33:33:00:00:00:fb 3
packet in 3 52:75:43:81:4a:f7 33:33:00:00:00:fb 3
packet in 5 52:75:43:81:4a:f7 33:33:00:00:00:fb 3
packet in 4 76:ab:4d:81:e5:2a 33:33:00:00:00:fb 3
packet in 3 c6:3d:4c:95:96:9b 33:33:00:00:00:fb 3
packet in 5 c6:3d:4c:95:96:9b 33:33:00:00:00:fb 3
packet in 4 c6:3d:4c:95:96:9b 33:33:00:00:00:fb 3
packet in 3 02:a2:6d:ef:a5:b3 33:33:00:00:00:fb 3
packet in 5 da:44:e7:fc:50:75 33:33:00:00:00:fb 3
packet in 4 da:44:e7:fc:50:75 33:33:00:00:00:fb 3
packet in 5 5a:a4:84:e9:c8:c5 33:33:00:00:00:fb 3
packet in 4 5a:a4:84:e9:c8:c5 33:33:00:00:00:fb 3
packet in 3 5a:a4:84:e9:c8:c5 33:33:00:00:00:fb 3
packet in 5 82:e2:71:72:1d:ea 33:33:00:00:00:02 2
packet in 4 da:44:e7:fc:50:75 33:33:00:00:00:02 3
packet in 5 da:44:e7:fc:50:75 33:33:00:00:00:02 3
packet in 4 82:e2:71:72:1d:ea 33:33:00:00:00:02 3
packet in 3 82:e2:71:72:1d:ea 33:33:00:00:00:02 3
packet in 5 4a:7f:70:39:85:ec 33:33:00:00:00:02 3
packet in 4 4a:7f:70:39:85:ec 33:33:00:00:00:02 3
packet in 3 4a:7f:70:39:85:ec 33:33:00:00:00:02 3
packet in 3 02:a2:6d:ef:a5:b3 33:33:00:00:00:02 3
packet in 3 86:42:48:3e:71:07 33:33:00:00:00:02 3
packet in 4 86:42:48:3e:71:07 33:33:00:00:00:02 3
packet in 5 5a:a4:84:e9:c8:c5 33:33:00:00:00:02 3
packet in 3 5a:a4:84:e9:c8:c5 33:33:00:00:00:02 3
packet in 4 5a:a4:84:e9:c8:c5 33:33:00:00:00:02 3
packet in 5 52:39:f4:2f:be:2d 33:33:00:00:00:02 3
packet in 3 52:39:f4:2f:be:2d 33:33:00:00:00:02 3
packet in 4 52:39:f4:2f:be:2d 33:33:00:00:00:02 3
packet in 3 aa:05:e8:9d:86:cb 33:33:00:00:00:02 2
packet in 5 aa:05:e8:9d:86:cb 33:33:00:00:00:02 3
packet in 4 aa:05:e8:9d:86:cb 33:33:00:00:00:02 3
packet in 4 ca:92:bb:b7:90:2f 33:33:00:00:00:02 3
packet in 5 ca:92:bb:b7:90:2f 33:33:00:00:00:02 3
packet in 3 ca:92:bb:b7:90:2f 33:33:00:00:00:02 3
packet in 4 c6:3d:4c:95:96:9b 33:33:00:00:00:02 3
packet in 5 c6:3d:4c:95:96:9b 33:33:00:00:00:02 3
packet in 3 c6:3d:4c:95:96:9b 33:33:00:00:00:02 3
packet in 4 76:ab:4d:81:e5:2a 33:33:00:00:00:02 3
packet in 3 52:75:43:81:4a:f7 33:33:00:00:00:02 3
packet in 5 52:75:43:81:4a:f7 33:33:00:00:00:02 3
packet in 4 52:75:43:81:4a:f7 33:33:00:00:00:02 3
packet in 3 62:66:df:87:fc:bd 33:33:00:00:00:02 1
packet in 5 62:66:df:87:fc:bd 33:33:00:00:00:02 3
packet in 4 62:66:df:87:fc:bd 33:33:00:00:00:02 3
packet in 4 76:ab:4d:81:e5:2a 33:33:00:00:00:fb 3
packet in 3 02:a2:6d:ef:a5:b3 33:33:00:00:00:fb 3
packet in 5 9e:79:d1:e9:5d:b5 33:33:00:00:00:fb 3
packet in 4 c6:3d:4c:95:96:9b 33:33:00:00:00:fb 3
packet in 4 86:42:48:3e:71:07 33:33:00:00:00:fb 3
packet in 4 da:44:e7:fc:50:75 33:33:00:00:00:fb 3
packet in 5 c6:3d:4c:95:96:9b 33:33:00:00:00:fb 3
packet in 5 da:44:e7:fc:50:75 33:33:00:00:00:fb 3
packet in 5 b2:16:4b:4c:2f:2d 33:33:00:00:00:fb 3
packet in 3 c6:3d:4c:95:96:9b 33:33:00:00:00:fb 3
packet in 3 86:42:48:3e:71:07 33:33:00:00:00:fb 3
packet in 3 b2:16:4b:4c:2f:2d 33:33:00:00:00:fb 3
packet in 3 ca:92:bb:b7:90:2f 33:33:00:00:00:fb 3
packet in 4 ca:92:bb:b7:90:2f 33:33:00:00:00:fb 3
packet in 5 ca:92:bb:b7:90:2f 33:33:00:00:00:fb 3
packet in 5 52:75:43:81:4a:f7 33:33:00:00:00:fb 3
packet in 5 5a:a4:84:e9:c8:c5 33:33:00:00:00:fb 3
packet in 4 52:75:43:81:4a:f7 33:33:00:00:00:fb 3
packet in 4 5a:a4:84:e9:c8:c5 33:33:00:00:00:fb 3
packet in 3 52:75:43:81:4a:f7 33:33:00:00:00:fb 3
packet in 3 5a:a4:84:e9:c8:c5 33:33:00:00:00:fb 3
packet in 5 9e:79:d1:e9:5d:b5 33:33:00:00:00:fb 3
packet in 3 02:a2:6d:ef:a5:b3 33:33:00:00:00:fb 3
packet in 4 76:ab:4d:81:e5:2a 33:33:00:00:00:fb 3
packet in 4 c6:3d:4c:95:96:9b 33:33:00:00:00:fb 3
packet in 4 86:42:48:3e:71:07 33:33:00:00:00:fb 3
packet in 4 da:44:e7:fc:50:75 33:33:00:00:00:fb 3
packet in 5 c6:3d:4c:95:96:9b 33:33:00:00:00:fb 3
packet in 5 b2:16:4b:4c:2f:2d 33:33:00:00:00:fb 3
packet in 5 da:44:e7:fc:50:75 33:33:00:00:00:fb 3
packet in 5 ca:92:bb:b7:90:2f 33:33:00:00:00:fb 3
packet in 3 c6:3d:4c:95:96:9b 33:33:00:00:00:fb 3
packet in 3 86:42:48:3e:71:07 33:33:00:00:00:fb 3
packet in 3 b2:16:4b:4c:2f:2d 33:33:00:00:00:fb 3
packet in 3 ca:92:bb:b7:90:2f 33:33:00:00:00:fb 3
packet in 3 52:75:43:81:4a:f7 33:33:00:00:00:fb 3
packet in 3 5a:a4:84:e9:c8:c5 33:33:00:00:00:fb 3
packet in 4 ca:92:bb:b7:90:2f 33:33:00:00:00:fb 3
packet in 4 52:75:43:81:4a:f7 33:33:00:00:00:fb 3
packet in 4 5a:a4:84:e9:c8:c5 33:33:00:00:00:fb 3
packet in 5 52:75:43:81:4a:f7 33:33:00:00:00:fb 3
packet in 5 5a:a4:84:e9:c8:c5 33:33:00:00:00:fb 3
packet in 5 9e:79:d1:e9:5d:b5 33:33:00:00:00:fb 3
packet in 4 76:ab:4d:81:e5:2a 33:33:00:00:00:fb 3
packet in 3 02:a2:6d:ef:a5:b3 33:33:00:00:00:fb 3
packet in 4 c6:3d:4c:95:96:9b 33:33:00:00:00:fb 3
packet in 4 86:42:48:3e:71:07 33:33:00:00:00:fb 3
packet in 4 da:44:e7:fc:50:75 33:33:00:00:00:fb 3
packet in 3 c6:3d:4c:95:96:9b 33:33:00:00:00:fb 3
packet in 3 86:42:48:3e:71:07 33:33:00:00:00:fb 3
packet in 3 b2:16:4b:4c:2f:2d 33:33:00:00:00:fb 3
packet in 5 c6:3d:4c:95:96:9b 33:33:00:00:00:fb 3
packet in 5 b2:16:4b:4c:2f:2d 33:33:00:00:00:fb 3
packet in 5 da:44:e7:fc:50:75 33:33:00:00:00:fb 3
packet in 5 ca:92:bb:b7:90:2f 33:33:00:00:00:fb 3
packet in 4 ca:92:bb:b7:90:2f 33:33:00:00:00:fb 3
packet in 4 52:75:43:81:4a:f7 33:33:00:00:00:fb 3
packet in 4 5a:a4:84:e9:c8:c5 33:33:00:00:00:fb 3
packet in 3 ca:92:bb:b7:90:2f 33:33:00:00:00:fb 3
packet in 3 52:75:43:81:4a:f7 33:33:00:00:00:fb 3
packet in 3 5a:a4:84:e9:c8:c5 33:33:00:00:00:fb 3
packet in 5 52:75:43:81:4a:f7 33:33:00:00:00:fb 3
packet in 5 5a:a4:84:e9:c8:c5 33:33:00:00:00:fb 3
packet in 3 02:a2:6d:ef:a5:b3 33:33:00:00:00:fb 3
packet in 4 76:ab:4d:81:e5:2a 33:33:00:00:00:fb 3
packet in 5 9e:79:d1:e9:5d:b5 33:33:00:00:00:fb 3
packet in 4 c6:3d:4c:95:96:9b 33:33:00:00:00:fb 3
packet in 4 86:42:48:3e:71:07 33:33:00:00:00:fb 3
packet in 4 da:44:e7:fc:50:75 33:33:00:00:00:fb 3
packet in 5 c6:3d:4c:95:96:9b 33:33:00:00:00:fb 3
packet in 5 b2:16:4b:4c:2f:2d 33:33:00:00:00:fb 3
packet in 5 da:44:e7:fc:50:75 33:33:00:00:00:fb 3
packet in 3 c6:3d:4c:95:96:9b 33:33:00:00:00:fb 3
packet in 3 86:42:48:3e:71:07 33:33:00:00:00:fb 3
packet in 3 b2:16:4b:4c:2f:2d 33:33:00:00:00:fb 3
packet in 3 ca:92:bb:b7:90:2f 33:33:00:00:00:fb 3
packet in 5 ca:92:bb:b7:90:2f 33:33:00:00:00:fb 3
packet in 5 52:75:43:81:4a:f7 33:33:00:00:00:fb 3
packet in 5 5a:a4:84:e9:c8:c5 33:33:00:00:00:fb 3
packet in 4 ca:92:bb:b7:90:2f 33:33:00:00:00:fb 3
packet in 4 52:75:43:81:4a:f7 33:33:00:00:00:fb 3
packet in 4 5a:a4:84:e9:c8:c5 33:33:00:00:00:fb 3
packet in 3 52:75:43:81:4a:f7 33:33:00:00:00:fb 3
packet in 3 5a:a4:84:e9:c8:c5 33:33:00:00:00:fb 3
packet in 3 02:a2:6d:ef:a5:b3 33:33:00:00:00:fb 3
packet in 5 9e:79:d1:e9:5d:b5 33:33:00:00:00:fb 3
packet in 4 76:ab:4d:81:e5:2a 33:33:00:00:00:fb 3
packet in 5 c6:3d:4c:95:96:9b 33:33:00:00:00:fb 3
packet in 5 b2:16:4b:4c:2f:2d 33:33:00:00:00:fb 3
packet in 5 da:44:e7:fc:50:75 33:33:00:00:00:fb 3
packet in 4 c6:3d:4c:95:96:9b 33:33:00:00:00:fb 3
packet in 4 86:42:48:3e:71:07 33:33:00:00:00:fb 3
packet in 4 da:44:e7:fc:50:75 33:33:00:00:00:fb 3
packet in 3 c6:3d:4c:95:96:9b 33:33:00:00:00:fb 3
packet in 3 86:42:48:3e:71:07 33:33:00:00:00:fb 3
packet in 3 b2:16:4b:4c:2f:2d 33:33:00:00:00:fb 3
packet in 4 ca:92:bb:b7:90:2f 33:33:00:00:00:fb 3
packet in 5 ca:92:bb:b7:90:2f 33:33:00:00:00:fb 3
packet in 3 ca:92:bb:b7:90:2f 33:33:00:00:00:fb 3
packet in 5 52:75:43:81:4a:f7 33:33:00:00:00:fb 3
packet in 5 5a:a4:84:e9:c8:c5 33:33:00:00:00:fb 3
packet in 4 52:75:43:81:4a:f7 33:33:00:00:00:fb 3
packet in 4 5a:a4:84:e9:c8:c5 33:33:00:00:00:fb 3
packet in 3 52:75:43:81:4a:f7 33:33:00:00:00:fb 3
packet in 3 5a:a4:84:e9:c8:c5 33:33:00:00:00:fb 3
packet in 3 02:a2:6d:ef:a5:b3 33:33:00:00:00:fb 3
packet in 5 9e:79:d1:e9:5d:b5 33:33:00:00:00:fb 3
packet in 4 76:ab:4d:81:e5:2a 33:33:00:00:00:fb 3
packet in 3 b2:16:4b:4c:2f:2d 33:33:00:00:00:fb 3
packet in 3 c6:3d:4c:95:96:9b 33:33:00:00:00:fb 3
packet in 3 86:42:48:3e:71:07 33:33:00:00:00:fb 3
packet in 5 b2:16:4b:4c:2f:2d 33:33:00:00:00:fb 3
packet in 5 c6:3d:4c:95:96:9b 33:33:00:00:00:fb 3
packet in 5 da:44:e7:fc:50:75 33:33:00:00:00:fb 3
packet in 4 c6:3d:4c:95:96:9b 33:33:00:00:00:fb 3
packet in 4 86:42:48:3e:71:07 33:33:00:00:00:fb 3
packet in 4 da:44:e7:fc:50:75 33:33:00:00:00:fb 3
packet in 4 ca:92:bb:b7:90:2f 33:33:00:00:00:fb 3
packet in 4 52:75:43:81:4a:f7 33:33:00:00:00:fb 3
packet in 4 5a:a4:84:e9:c8:c5 33:33:00:00:00:fb 3
packet in 3 ca:92:bb:b7:90:2f 33:33:00:00:00:fb 3
packet in 3 52:75:43:81:4a:f7 33:33:00:00:00:fb 3
packet in 3 5a:a4:84:e9:c8:c5 33:33:00:00:00:fb 3
packet in 5 ca:92:bb:b7:90:2f 33:33:00:00:00:fb 3
packet in 5 52:75:43:81:4a:f7 33:33:00:00:00:fb 3
packet in 5 5a:a4:84:e9:c8:c5 33:33:00:00:00:fb 3
packet in 5 b2:16:4b:4c:2f:2d 33:33:00:00:00:02 3
packet in 3 b2:16:4b:4c:2f:2d 33:33:00:00:00:02 3
packet in 4 6e:fd:9a:c3:62:c9 33:33:00:00:00:02 3
packet in 3 6e:fd:9a:c3:62:c9 33:33:00:00:00:02 3
packet in 5 6e:fd:9a:c3:62:c9 33:33:00:00:00:02 3
packet in 5 9e:79:d1:e9:5d:b5 33:33:00:00:00:fb 3
packet in 4 76:ab:4d:81:e5:2a 33:33:00:00:00:fb 3
packet in 3 02:a2:6d:ef:a5:b3 33:33:00:00:00:fb 3
packet in 4 c6:3d:4c:95:96:9b 33:33:00:00:00:fb 3
packet in 4 86:42:48:3e:71:07 33:33:00:00:00:fb 3
packet in 4 da:44:e7:fc:50:75 33:33:00:00:00:fb 3
packet in 5 c6:3d:4c:95:96:9b 33:33:00:00:00:fb 3
packet in 5 b2:16:4b:4c:2f:2d 33:33:00:00:00:fb 3
packet in 5 da:44:e7:fc:50:75 33:33:00:00:00:fb 3
packet in 3 c6:3d:4c:95:96:9b 33:33:00:00:00:fb 3
packet in 3 86:42:48:3e:71:07 33:33:00:00:00:fb 3
packet in 3 b2:16:4b:4c:2f:2d 33:33:00:00:00:fb 3
packet in 4 ca:92:bb:b7:90:2f 33:33:00:00:00:fb 3
packet in 3 ca:92:bb:b7:90:2f 33:33:00:00:00:fb 3
packet in 5 ca:92:bb:b7:90:2f 33:33:00:00:00:fb 3
packet in 4 52:75:43:81:4a:f7 33:33:00:00:00:fb 3
packet in 4 5a:a4:84:e9:c8:c5 33:33:00:00:00:fb 3
packet in 3 5a:a4:84:e9:c8:c5 33:33:00:00:00:fb 3
packet in 3 52:75:43:81:4a:f7 33:33:00:00:00:fb 3
packet in 5 5a:a4:84:e9:c8:c5 33:33:00:00:00:fb 3
packet in 5 52:75:43:81:4a:f7 33:33:00:00:00:fb 3
packet in 4 76:ab:4d:81:e5:2a 33:33:00:00:00:fb 3
packet in 5 9e:79:d1:e9:5d:b5 33:33:00:00:00:fb 3
packet in 3 02:a2:6d:ef:a5:b3 33:33:00:00:00:fb 3
packet in 5 c6:3d:4c:95:96:9b 33:33:00:00:00:fb 3
packet in 5 b2:16:4b:4c:2f:2d 33:33:00:00:00:fb 3
packet in 5 da:44:e7:fc:50:75 33:33:00:00:00:fb 3
packet in 4 86:42:48:3e:71:07 33:33:00:00:00:fb 3
packet in 4 c6:3d:4c:95:96:9b 33:33:00:00:00:fb 3
packet in 4 da:44:e7:fc:50:75 33:33:00:00:00:fb 3
packet in 3 c6:3d:4c:95:96:9b 33:33:00:00:00:fb 3
packet in 3 86:42:48:3e:71:07 33:33:00:00:00:fb 3
packet in 3 b2:16:4b:4c:2f:2d 33:33:00:00:00:fb 3
packet in 3 ca:92:bb:b7:90:2f 33:33:00:00:00:fb 3
packet in 4 ca:92:bb:b7:90:2f 33:33:00:00:00:fb 3
packet in 5 ca:92:bb:b7:90:2f 33:33:00:00:00:fb 3
packet in 3 52:75:43:81:4a:f7 33:33:00:00:00:fb 3
packet in 3 5a:a4:84:e9:c8:c5 33:33:00:00:00:fb 3
packet in 4 52:75:43:81:4a:f7 33:33:00:00:00:fb 3
packet in 4 5a:a4:84:e9:c8:c5 33:33:00:00:00:fb 3
packet in 5 52:75:43:81:4a:f7 33:33:00:00:00:fb 3
packet in 5 5a:a4:84:e9:c8:c5 33:33:00:00:00:fb 3
packet in 5 ca:41:e7:20:fe:cb 33:33:00:00:00:02 1
packet in 4 ca:41:e7:20:fe:cb 33:33:00:00:00:02 3
packet in 3 ca:41:e7:20:fe:cb 33:33:00:00:00:02 3
packet in 3 8e:f0:b4:d4:6d:be 33:33:00:00:00:02 3
packet in 4 8e:f0:b4:d4:6d:be 33:33:00:00:00:02 3
packet in 5 8e:f0:b4:d4:6d:be 33:33:00:00:00:02 3
packet in 5 9e:79:d1:e9:5d:b5 33:33:00:00:00:fb 3
packet in 4 76:ab:4d:81:e5:2a 33:33:00:00:00:fb 3
packet in 3 02:a2:6d:ef:a5:b3 33:33:00:00:00:fb 3
packet in 5 c6:3d:4c:95:96:9b 33:33:00:00:00:fb 3
packet in 3 c6:3d:4c:95:96:9b 33:33:00:00:00:fb 3
packet in 3 86:42:48:3e:71:07 33:33:00:00:00:fb 3
packet in 4 c6:3d:4c:95:96:9b 33:33:00:00:00:fb 3
packet in 4 86:42:48:3e:71:07 33:33:00:00:00:fb 3
packet in 4 da:44:e7:fc:50:75 33:33:00:00:00:fb 3
packet in 3 b2:16:4b:4c:2f:2d 33:33:00:00:00:fb 3
packet in 5 da:44:e7:fc:50:75 33:33:00:00:00:fb 3
packet in 5 b2:16:4b:4c:2f:2d 33:33:00:00:00:fb 3
packet in 5 ca:92:bb:b7:90:2f 33:33:00:00:00:fb 3
packet in 4 ca:92:bb:b7:90:2f 33:33:00:00:00:fb 3
packet in 4 52:75:43:81:4a:f7 33:33:00:00:00:fb 3
packet in 4 5a:a4:84:e9:c8:c5 33:33:00:00:00:fb 3
packet in 3 ca:92:bb:b7:90:2f 33:33:00:00:00:fb 3
packet in 3 52:75:43:81:4a:f7 33:33:00:00:00:fb 3
packet in 3 5a:a4:84:e9:c8:c5 33:33:00:00:00:fb 3
packet in 5 52:75:43:81:4a:f7 33:33:00:00:00:fb 3
packet in 5 5a:a4:84:e9:c8:c5 33:33:00:00:00:fb 3
packet in 4 7e:f0:ee:a2:b4:e5 33:33:00:00:00:02 2
packet in 3 7e:f0:ee:a2:b4:e5 33:33:00:00:00:02 3
packet in 5 7e:f0:ee:a2:b4:e5 33:33:00:00:00:02 3
packet in 4 2a:cf:a9:7e:b4:4b 33:33:00:00:00:02 1
packet in 3 2a:cf:a9:7e:b4:4b 33:33:00:00:00:02 3
packet in 5 2a:cf:a9:7e:b4:4b 33:33:00:00:00:02 3
packet in 4 76:ab:4d:81:e5:2a 33:33:00:00:00:fb 3
packet in 5 9e:79:d1:e9:5d:b5 33:33:00:00:00:fb 3
packet in 3 02:a2:6d:ef:a5:b3 33:33:00:00:00:fb 3
packet in 4 c6:3d:4c:95:96:9b 33:33:00:00:00:fb 3
packet in 4 86:42:48:3e:71:07 33:33:00:00:00:fb 3
packet in 4 da:44:e7:fc:50:75 33:33:00:00:00:fb 3
packet in 5 c6:3d:4c:95:96:9b 33:33:00:00:00:fb 3
packet in 5 b2:16:4b:4c:2f:2d 33:33:00:00:00:fb 3
packet in 5 da:44:e7:fc:50:75 33:33:00:00:00:fb 3
packet in 3 c6:3d:4c:95:96:9b 33:33:00:00:00:fb 3
packet in 3 86:42:48:3e:71:07 33:33:00:00:00:fb 3
packet in 3 b2:16:4b:4c:2f:2d 33:33:00:00:00:fb 3
packet in 3 ca:92:bb:b7:90:2f 33:33:00:00:00:fb 3
packet in 4 ca:92:bb:b7:90:2f 33:33:00:00:00:fb 3
packet in 5 ca:92:bb:b7:90:2f 33:33:00:00:00:fb 3
packet in 4 52:75:43:81:4a:f7 33:33:00:00:00:fb 3
packet in 4 5a:a4:84:e9:c8:c5 33:33:00:00:00:fb 3
packet in 3 52:75:43:81:4a:f7 33:33:00:00:00:fb 3
packet in 3 5a:a4:84:e9:c8:c5 33:33:00:00:00:fb 3
packet in 5 52:75:43:81:4a:f7 33:33:00:00:00:fb 3
packet in 5 5a:a4:84:e9:c8:c5 33:33:00:00:00:fb 3
packet in 5 9e:79:d1:e9:5d:b5 33:33:00:00:00:02 3
packet in 5 9e:79:d1:e9:5d:b5 33:33:00:00:00:fb 3
packet in 4 86:42:48:3e:71:07 33:33:00:00:00:fb 3
packet in 5 b2:16:4b:4c:2f:2d 33:33:00:00:00:fb 3
packet in 3 b2:16:4b:4c:2f:2d 33:33:00:00:00:fb 3
packet in 3 86:42:48:3e:71:07 33:33:00:00:00:fb 3
packet in 3 ca:92:bb:b7:90:2f 33:33:00:00:00:fb 3
packet in 5 ca:92:bb:b7:90:2f 33:33:00:00:00:fb 3
packet in 5 52:75:43:81:4a:f7 33:33:00:00:00:fb 3
packet in 4 ca:92:bb:b7:90:2f 33:33:00:00:00:fb 3
packet in 4 52:75:43:81:4a:f7 33:33:00:00:00:fb 3
packet in 3 52:75:43:81:4a:f7 33:33:00:00:00:fb 3
packet in 4 76:ab:4d:81:e5:2a 33:33:00:00:00:fb 3
packet in 4 c6:3d:4c:95:96:9b 33:33:00:00:00:fb 3
packet in 5 c6:3d:4c:95:96:9b 33:33:00:00:00:fb 3
packet in 3 c6:3d:4c:95:96:9b 33:33:00:00:00:fb 3
packet in 3 02:a2:6d:ef:a5:b3 33:33:00:00:00:fb 3
packet in 4 da:44:e7:fc:50:75 33:33:00:00:00:fb 3
packet in 5 da:44:e7:fc:50:75 33:33:00:00:00:fb 3
packet in 5 5a:a4:84:e9:c8:c5 33:33:00:00:00:fb 3
packet in 3 5a:a4:84:e9:c8:c5 33:33:00:00:00:fb 3
packet in 4 5a:a4:84:e9:c8:c5 33:33:00:00:00:fb 3
packet in 4 5a:a4:84:e9:c8:c5 33:33:00:00:00:02 3
packet in 3 5a:a4:84:e9:c8:c5 33:33:00:00:00:02 3
packet in 5 5a:a4:84:e9:c8:c5 33:33:00:00:00:02 3
packet in 3 02:a2:6d:ef:a5:b3 33:33:00:00:00:fb 3
packet in 4 76:ab:4d:81:e5:2a 33:33:00:00:00:fb 3
packet in 5 9e:79:d1:e9:5d:b5 33:33:00:00:00:fb 3
packet in 5 c6:3d:4c:95:96:9b 33:33:00:00:00:fb 3
packet in 4 c6:3d:4c:95:96:9b 33:33:00:00:00:fb 3
packet in 4 86:42:48:3e:71:07 33:33:00:00:00:fb 3
packet in 4 da:44:e7:fc:50:75 33:33:00:00:00:fb 3
packet in 5 b2:16:4b:4c:2f:2d 33:33:00:00:00:fb 3
packet in 5 da:44:e7:fc:50:75 33:33:00:00:00:fb 3
packet in 3 c6:3d:4c:95:96:9b 33:33:00:00:00:fb 3
packet in 3 86:42:48:3e:71:07 33:33:00:00:00:fb 3
packet in 3 b2:16:4b:4c:2f:2d 33:33:00:00:00:fb 3
packet in 4 ca:92:bb:b7:90:2f 33:33:00:00:00:fb 3
packet in 4 52:75:43:81:4a:f7 33:33:00:00:00:fb 3
packet in 4 5a:a4:84:e9:c8:c5 33:33:00:00:00:fb 3
packet in 5 ca:92:bb:b7:90:2f 33:33:00:00:00:fb 3
packet in 5 52:75:43:81:4a:f7 33:33:00:00:00:fb 3
packet in 5 5a:a4:84:e9:c8:c5 33:33:00:00:00:fb 3
packet in 3 ca:92:bb:b7:90:2f 33:33:00:00:00:fb 3
packet in 3 52:75:43:81:4a:f7 33:33:00:00:00:fb 3
packet in 3 5a:a4:84:e9:c8:c5 33:33:00:00:00:fb 3
packet in 3 02:a2:6d:ef:a5:b3 33:33:00:00:00:02 3
packet in 3 86:42:48:3e:71:07 33:33:00:00:00:02 3
packet in 4 da:44:e7:fc:50:75 33:33:00:00:00:02 3
packet in 4 86:42:48:3e:71:07 33:33:00:00:00:02 3
packet in 5 da:44:e7:fc:50:75 33:33:00:00:00:02 3
packet in 5 82:e2:71:72:1d:ea 33:33:00:00:00:02 2
packet in 3 82:e2:71:72:1d:ea 33:33:00:00:00:02 3
packet in 4 82:e2:71:72:1d:ea 33:33:00:00:00:02 3
packet in 3 ca:92:bb:b7:90:2f 33:33:00:00:00:02 3
packet in 4 ca:92:bb:b7:90:2f 33:33:00:00:00:02 3
packet in 5 ca:92:bb:b7:90:2f 33:33:00:00:00:02 3
packet in 3 4a:7f:70:39:85:ec 33:33:00:00:00:02 3
packet in 5 4a:7f:70:39:85:ec 33:33:00:00:00:02 3
packet in 4 4a:7f:70:39:85:ec 33:33:00:00:00:02 3
packet in 4 76:ab:4d:81:e5:2a 33:33:00:00:00:02 3
packet in 3 aa:05:e8:9d:86:cb 33:33:00:00:00:02 2
packet in 4 aa:05:e8:9d:86:cb 33:33:00:00:00:02 3
packet in 4 52:39:f4:2f:be:2d 33:33:00:00:00:02 3
packet in 5 aa:05:e8:9d:86:cb 33:33:00:00:00:02 3
packet in 5 52:39:f4:2f:be:2d 33:33:00:00:00:02 3
packet in 3 52:39:f4:2f:be:2d 33:33:00:00:00:02 3
packet in 3 c6:3d:4c:95:96:9b 33:33:00:00:00:02 3
packet in 5 c6:3d:4c:95:96:9b 33:33:00:00:00:02 3
packet in 4 c6:3d:4c:95:96:9b 33:33:00:00:00:02 3
packet in 4 52:75:43:81:4a:f7 33:33:00:00:00:02 3
packet in 5 52:75:43:81:4a:f7 33:33:00:00:00:02 3
packet in 3 52:75:43:81:4a:f7 33:33:00:00:00:02 3
packet in 4 76:ab:4d:81:e5:2a 33:33:00:00:00:fb 3
packet in 5 9e:79:d1:e9:5d:b5 33:33:00:00:00:fb 3
packet in 3 02:a2:6d:ef:a5:b3 33:33:00:00:00:fb 3
packet in 4 c6:3d:4c:95:96:9b 33:33:00:00:00:fb 3
packet in 4 86:42:48:3e:71:07 33:33:00:00:00:fb 3
packet in 3 c6:3d:4c:95:96:9b 33:33:00:00:00:fb 3
packet in 3 86:42:48:3e:71:07 33:33:00:00:00:fb 3
packet in 3 b2:16:4b:4c:2f:2d 33:33:00:00:00:fb 3
packet in 5 c6:3d:4c:95:96:9b 33:33:00:00:00:fb 3
packet in 5 b2:16:4b:4c:2f:2d 33:33:00:00:00:fb 3
packet in 4 da:44:e7:fc:50:75 33:33:00:00:00:fb 3
packet in 5 da:44:e7:fc:50:75 33:33:00:00:00:fb 3
packet in 5 ca:92:bb:b7:90:2f 33:33:00:00:00:fb 3
packet in 4 ca:92:bb:b7:90:2f 33:33:00:00:00:fb 3
packet in 3 ca:92:bb:b7:90:2f 33:33:00:00:00:fb 3
packet in 3 5a:a4:84:e9:c8:c5 33:33:00:00:00:fb 3
packet in 3 52:75:43:81:4a:f7 33:33:00:00:00:fb 3
packet in 4 5a:a4:84:e9:c8:c5 33:33:00:00:00:fb 3
packet in 4 52:75:43:81:4a:f7 33:33:00:00:00:fb 3
packet in 5 5a:a4:84:e9:c8:c5 33:33:00:00:00:fb 3
packet in 5 52:75:43:81:4a:f7 33:33:00:00:00:fb 3
packet in 3 62:66:df:87:fc:bd 33:33:00:00:00:02 1
packet in 5 62:66:df:87:fc:bd 33:33:00:00:00:02 3
packet in 4 62:66:df:87:fc:bd 33:33:00:00:00:02 3
packet in 5 b2:16:4b:4c:2f:2d 33:33:00:00:00:02 3
packet in 3 b2:16:4b:4c:2f:2d 33:33:00:00:00:02 3
packet in 4 7e:f0:ee:a2:b4:e5 33:33:00:00:00:02 2
packet in 5 7e:f0:ee:a2:b4:e5 33:33:00:00:00:02 3
packet in 3 7e:f0:ee:a2:b4:e5 33:33:00:00:00:02 3
packet in 5 8e:f0:b4:d4:6d:be 33:33:00:00:00:02 3
packet in 3 8e:f0:b4:d4:6d:be 33:33:00:00:00:02 3
packet in 4 8e:f0:b4:d4:6d:be 33:33:00:00:00:02 3
packet in 4 2a:cf:a9:7e:b4:4b 33:33:00:00:00:02 1
packet in 5 2a:cf:a9:7e:b4:4b 33:33:00:00:00:02 3
packet in 3 2a:cf:a9:7e:b4:4b 33:33:00:00:00:02 3
packet in 5 6e:fd:9a:c3:62:c9 33:33:00:00:00:02 3
packet in 3 6e:fd:9a:c3:62:c9 33:33:00:00:00:02 3
packet in 4 6e:fd:9a:c3:62:c9 33:33:00:00:00:02 3
packet in 5 9e:79:d1:e9:5d:b5 33:33:00:00:00:fb 3
packet in 3 02:a2:6d:ef:a5:b3 33:33:00:00:00:fb 3
packet in 4 76:ab:4d:81:e5:2a 33:33:00:00:00:fb 3
packet in 4 c6:3d:4c:95:96:9b 33:33:00:00:00:fb 3
packet in 4 86:42:48:3e:71:07 33:33:00:00:00:fb 3
packet in 4 da:44:e7:fc:50:75 33:33:00:00:00:fb 3
packet in 5 c6:3d:4c:95:96:9b 33:33:00:00:00:fb 3
packet in 5 b2:16:4b:4c:2f:2d 33:33:00:00:00:fb 3
packet in 5 da:44:e7:fc:50:75 33:33:00:00:00:fb 3
packet in 3 c6:3d:4c:95:96:9b 33:33:00:00:00:fb 3
packet in 3 86:42:48:3e:71:07 33:33:00:00:00:fb 3
packet in 3 b2:16:4b:4c:2f:2d 33:33:00:00:00:fb 3
packet in 3 ca:92:bb:b7:90:2f 33:33:00:00:00:fb 3
packet in 4 ca:92:bb:b7:90:2f 33:33:00:00:00:fb 3
packet in 5 ca:92:bb:b7:90:2f 33:33:00:00:00:fb 3
packet in 5 52:75:43:81:4a:f7 33:33:00:00:00:fb 3
packet in 5 5a:a4:84:e9:c8:c5 33:33:00:00:00:fb 3
packet in 3 5a:a4:84:e9:c8:c5 33:33:00:00:00:fb 3
packet in 3 52:75:43:81:4a:f7 33:33:00:00:00:fb 3
packet in 4 52:75:43:81:4a:f7 33:33:00:00:00:fb 3
packet in 4 5a:a4:84:e9:c8:c5 33:33:00:00:00:fb 3
packet in 5 ca:41:e7:20:fe:cb 33:33:00:00:00:02 1
packet in 3 ca:41:e7:20:fe:cb 33:33:00:00:00:02 3
packet in 4 ca:41:e7:20:fe:cb 33:33:00:00:00:02 3
packet in 3 5a:a4:84:e9:c8:c5 33:33:00:00:00:02 3
packet in 4 5a:a4:84:e9:c8:c5 33:33:00:00:00:02 3
packet in 5 5a:a4:84:e9:c8:c5 33:33:00:00:00:02 3
packet in 4 76:ab:4d:81:e5:2a 33:33:00:00:00:fb 3
packet in 5 9e:79:d1:e9:5d:b5 33:33:00:00:00:fb 3
packet in 5 b2:16:4b:4c:2f:2d 33:33:00:00:00:fb 3
packet in 3 b2:16:4b:4c:2f:2d 33:33:00:00:00:fb 3
packet in 3 86:42:48:3e:71:07 33:33:00:00:00:fb 3
packet in 4 86:42:48:3e:71:07 33:33:00:00:00:fb 3
packet in 5 ca:92:bb:b7:90:2f 33:33:00:00:00:fb 3
packet in 4 ca:92:bb:b7:90:2f 33:33:00:00:00:fb 3
packet in 3 ca:92:bb:b7:90:2f 33:33:00:00:00:fb 3
packet in 5 52:75:43:81:4a:f7 33:33:00:00:00:fb 3
packet in 3 52:75:43:81:4a:f7 33:33:00:00:00:fb 3
packet in 4 52:75:43:81:4a:f7 33:33:00:00:00:fb 3
packet in 5 c6:3d:4c:95:96:9b 33:33:00:00:00:fb 3
packet in 4 c6:3d:4c:95:96:9b 33:33:00:00:00:fb 3
packet in 3 c6:3d:4c:95:96:9b 33:33:00:00:00:fb 3
packet in 3 02:a2:6d:ef:a5:b3 33:33:00:00:00:fb 3
packet in 5 da:44:e7:fc:50:75 33:33:00:00:00:fb 3
packet in 4 da:44:e7:fc:50:75 33:33:00:00:00:fb 3
packet in 4 5a:a4:84:e9:c8:c5 33:33:00:00:00:fb 3
packet in 3 5a:a4:84:e9:c8:c5 33:33:00:00:00:fb 3
packet in 5 5a:a4:84:e9:c8:c5 33:33:00:00:00:fb 3
packet in 5 9e:79:d1:e9:5d:b5 33:33:00:00:00:02 3
packet in 3 02:a2:6d:ef:a5:b3 33:33:00:00:00:02 3
packet in 4 da:44:e7:fc:50:75 33:33:00:00:00:02 3
packet in 5 da:44:e7:fc:50:75 33:33:00:00:00:02 3
packet in 5 82:e2:71:72:1d:ea 33:33:00:00:00:02 2
packet in 3 86:42:48:3e:71:07 33:33:00:00:00:02 3
packet in 4 86:42:48:3e:71:07 33:33:00:00:00:02 3
packet in 5 ca:92:bb:b7:90:2f 33:33:00:00:00:02 3
packet in 4 ca:92:bb:b7:90:2f 33:33:00:00:00:02 3
packet in 4 82:e2:71:72:1d:ea 33:33:00:00:00:02 3
packet in 3 ca:92:bb:b7:90:2f 33:33:00:00:00:02 3
packet in 3 82:e2:71:72:1d:ea 33:33:00:00:00:02 3
packet in 4 52:75:43:81:4a:f7 33:33:00:00:00:02 3
packet in 3 52:75:43:81:4a:f7 33:33:00:00:00:02 3
packet in 5 52:75:43:81:4a:f7 33:33:00:00:00:02 3
packet in 3 4a:7f:70:39:85:ec 33:33:00:00:00:02 3
packet in 4 4a:7f:70:39:85:ec 33:33:00:00:00:02 3
packet in 5 4a:7f:70:39:85:ec 33:33:00:00:00:02 3
packet in 4 76:ab:4d:81:e5:2a 33:33:00:00:00:02 3
packet in 3 aa:05:e8:9d:86:cb 33:33:00:00:00:02 2
packet in 4 aa:05:e8:9d:86:cb 33:33:00:00:00:02 3
packet in 5 aa:05:e8:9d:86:cb 33:33:00:00:00:02 3
packet in 5 c6:3d:4c:95:96:9b 33:33:00:00:00:02 3
packet in 4 c6:3d:4c:95:96:9b 33:33:00:00:00:02 3
packet in 3 c6:3d:4c:95:96:9b 33:33:00:00:00:02 3
packet in 5 52:39:f4:2f:be:2d 33:33:00:00:00:02 3
packet in 4 52:39:f4:2f:be:2d 33:33:00:00:00:02 3
packet in 3 52:39:f4:2f:be:2d 33:33:00:00:00:02 3
packet in 3 62:66:df:87:fc:bd 33:33:00:00:00:02 1
packet in 4 62:66:df:87:fc:bd 33:33:00:00:00:02 3
packet in 5 62:66:df:87:fc:bd 33:33:00:00:00:02 3
packet in 5 b2:16:4b:4c:2f:2d 33:33:00:00:00:02 3
packet in 3 b2:16:4b:4c:2f:2d 33:33:00:00:00:02 3
packet in 4 7e:f0:ee:a2:b4:e5 33:33:00:00:00:02 2
packet in 5 7e:f0:ee:a2:b4:e5 33:33:00:00:00:02 3
packet in 3 7e:f0:ee:a2:b4:e5 33:33:00:00:00:02 3
packet in 4 8e:f0:b4:d4:6d:be 33:33:00:00:00:02 3
packet in 5 8e:f0:b4:d4:6d:be 33:33:00:00:00:02 3
packet in 3 8e:f0:b4:d4:6d:be 33:33:00:00:00:02 3
packet in 4 6e:fd:9a:c3:62:c9 33:33:00:00:00:02 3
packet in 3 6e:fd:9a:c3:62:c9 33:33:00:00:00:02 3
packet in 5 6e:fd:9a:c3:62:c9 33:33:00:00:00:02 3
packet in 4 2a:cf:a9:7e:b4:4b 33:33:00:00:00:02 1
packet in 5 2a:cf:a9:7e:b4:4b 33:33:00:00:00:02 3
packet in 3 2a:cf:a9:7e:b4:4b 33:33:00:00:00:02 3
packet in 4 76:ab:4d:81:e5:2a 33:33:00:00:00:fb 3
packet in 5 9e:79:d1:e9:5d:b5 33:33:00:00:00:fb 3
packet in 3 02:a2:6d:ef:a5:b3 33:33:00:00:00:fb 3
packet in 4 c6:3d:4c:95:96:9b 33:33:00:00:00:fb 3
packet in 4 86:42:48:3e:71:07 33:33:00:00:00:fb 3
packet in 4 da:44:e7:fc:50:75 33:33:00:00:00:fb 3
packet in 5 c6:3d:4c:95:96:9b 33:33:00:00:00:fb 3
packet in 5 b2:16:4b:4c:2f:2d 33:33:00:00:00:fb 3
packet in 5 da:44:e7:fc:50:75 33:33:00:00:00:fb 3
packet in 3 c6:3d:4c:95:96:9b 33:33:00:00:00:fb 3
packet in 3 86:42:48:3e:71:07 33:33:00:00:00:fb 3
packet in 3 b2:16:4b:4c:2f:2d 33:33:00:00:00:fb 3
packet in 5 ca:92:bb:b7:90:2f 33:33:00:00:00:fb 3
packet in 4 ca:92:bb:b7:90:2f 33:33:00:00:00:fb 3
packet in 3 ca:92:bb:b7:90:2f 33:33:00:00:00:fb 3
packet in 5 52:75:43:81:4a:f7 33:33:00:00:00:fb 3
packet in 5 5a:a4:84:e9:c8:c5 33:33:00:00:00:fb 3
packet in 3 52:75:43:81:4a:f7 33:33:00:00:00:fb 3
packet in 3 5a:a4:84:e9:c8:c5 33:33:00:00:00:fb 3
packet in 4 52:75:43:81:4a:f7 33:33:00:00:00:fb 3
packet in 4 5a:a4:84:e9:c8:c5 33:33:00:00:00:fb 3
packet in 5 ca:41:e7:20:fe:cb 33:33:00:00:00:02 1
packet in 4 ca:41:e7:20:fe:cb 33:33:00:00:00:02 3
packet in 3 ca:41:e7:20:fe:cb 33:33:00:00:00:02 3
packet in 4 5a:a4:84:e9:c8:c5 33:33:00:00:00:02 3
packet in 3 5a:a4:84:e9:c8:c5 33:33:00:00:00:02 3
packet in 5 5a:a4:84:e9:c8:c5 33:33:00:00:00:02 3
packet in 4 76:ab:4d:81:e5:2a 33:33:00:00:00:fb 3
packet in 5 9e:79:d1:e9:5d:b5 33:33:00:00:00:fb 3
packet in 3 b2:16:4b:4c:2f:2d 33:33:00:00:00:fb 3
packet in 3 86:42:48:3e:71:07 33:33:00:00:00:fb 3
packet in 5 b2:16:4b:4c:2f:2d 33:33:00:00:00:fb 3
packet in 4 86:42:48:3e:71:07 33:33:00:00:00:fb 3
packet in 4 ca:92:bb:b7:90:2f 33:33:00:00:00:fb 3
packet in 5 ca:92:bb:b7:90:2f 33:33:00:00:00:fb 3
packet in 3 ca:92:bb:b7:90:2f 33:33:00:00:00:fb 3
packet in 4 52:75:43:81:4a:f7 33:33:00:00:00:fb 3
packet in 5 52:75:43:81:4a:f7 33:33:00:00:00:fb 3
packet in 3 52:75:43:81:4a:f7 33:33:00:00:00:fb 3
packet in 4 c6:3d:4c:95:96:9b 33:33:00:00:00:fb 3
packet in 5 c6:3d:4c:95:96:9b 33:33:00:00:00:fb 3
packet in 3 c6:3d:4c:95:96:9b 33:33:00:00:00:fb 3
packet in 3 02:a2:6d:ef:a5:b3 33:33:00:00:00:fb 3
packet in 4 da:44:e7:fc:50:75 33:33:00:00:00:fb 3
packet in 5 da:44:e7:fc:50:75 33:33:00:00:00:fb 3
packet in 5 5a:a4:84:e9:c8:c5 33:33:00:00:00:fb 3
packet in 3 5a:a4:84:e9:c8:c5 33:33:00:00:00:fb 3
packet in 4 5a:a4:84:e9:c8:c5 33:33:00:00:00:fb 3
packet in 5 9e:79:d1:e9:5d:b5 33:33:00:00:00:02 3
packet in 3 02:a2:6d:ef:a5:b3 33:33:00:00:00:02 3
packet in 4 da:44:e7:fc:50:75 33:33:00:00:00:02 3
packet in 5 da:44:e7:fc:50:75 33:33:00:00:00:02 3
packet in 5 4a:7f:70:39:85:ec 33:33:00:00:00:02 3
packet in 4 4a:7f:70:39:85:ec 33:33:00:00:00:02 3
packet in 3 4a:7f:70:39:85:ec 33:33:00:00:00:02 3
packet in 3 86:42:48:3e:71:07 33:33:00:00:00:02 3
packet in 4 86:42:48:3e:71:07 33:33:00:00:00:02 3
packet in 4 ca:92:bb:b7:90:2f 33:33:00:00:00:02 3
packet in 5 ca:92:bb:b7:90:2f 33:33:00:00:00:02 3
packet in 3 ca:92:bb:b7:90:2f 33:33:00:00:00:02 3
packet in 4 52:39:f4:2f:be:2d 33:33:00:00:00:02 3
packet in 5 52:39:f4:2f:be:2d 33:33:00:00:00:02 3
packet in 3 52:39:f4:2f:be:2d 33:33:00:00:00:02 3
packet in 5 82:e2:71:72:1d:ea 33:33:00:00:00:02 2
packet in 4 82:e2:71:72:1d:ea 33:33:00:00:00:02 3
packet in 4 52:75:43:81:4a:f7 33:33:00:00:00:02 3
packet in 3 82:e2:71:72:1d:ea 33:33:00:00:00:02 3
packet in 3 52:75:43:81:4a:f7 33:33:00:00:00:02 3
packet in 5 52:75:43:81:4a:f7 33:33:00:00:00:02 3
packet in 4 76:ab:4d:81:e5:2a 33:33:00:00:00:02 3
packet in 3 aa:05:e8:9d:86:cb 33:33:00:00:00:02 2
packet in 4 aa:05:e8:9d:86:cb 33:33:00:00:00:02 3
packet in 5 aa:05:e8:9d:86:cb 33:33:00:00:00:02 3
packet in 3 62:66:df:87:fc:bd 33:33:00:00:00:02 1
packet in 4 c6:3d:4c:95:96:9b 33:33:00:00:00:02 3
packet in 5 c6:3d:4c:95:96:9b 33:33:00:00:00:02 3
packet in 3 c6:3d:4c:95:96:9b 33:33:00:00:00:02 3
packet in 5 62:66:df:87:fc:bd 33:33:00:00:00:02 3
packet in 4 62:66:df:87:fc:bd 33:33:00:00:00:02 3
packet in 4 7e:f0:ee:a2:b4:e5 33:33:00:00:00:02 2
packet in 5 7e:f0:ee:a2:b4:e5 33:33:00:00:00:02 3
packet in 3 7e:f0:ee:a2:b4:e5 33:33:00:00:00:02 3
packet in 5 b2:16:4b:4c:2f:2d 33:33:00:00:00:02 3
packet in 3 b2:16:4b:4c:2f:2d 33:33:00:00:00:02 3
packet in 4 6e:fd:9a:c3:62:c9 33:33:00:00:00:02 3
packet in 3 6e:fd:9a:c3:62:c9 33:33:00:00:00:02 3
packet in 5 6e:fd:9a:c3:62:c9 33:33:00:00:00:02 3
